"../../../Engine/Content/Animation/DefaultAnimCurveCompressionSettings.uasset" 0
"../../../Engine/Content/Functions/Engine_MaterialFunctions01/Opacity/CameraDepthFade.uasset" 1
"../../../Engine/Content/EngineMaterials/T_Default_Material_Grid_M.uasset" 2
"../../../Engine/Content/EngineMaterials/T_Default_Material_Grid_N.uasset" 3
"../../../Engine/Content/EngineMaterials/WorldGridMaterial.uasset" 4
"../../../Engine/Content/ArtTools/RenderToTexture/Meshes/S_1_Unit_Plane.uasset" 5
"../../../Engine/Content/EngineMaterials/DefaultMaterial.uasset" 6
"../../../Engine/Content/BasicShapes/Cylinder.uasset" 7
"../../../Engine/Content/BasicShapes/Plane.uasset" 8
"../../../Engine/Content/EditorLandscapeResources/DataLayer.uasset" 9
"../../../Engine/Content/EditorMaterials/GizmoMaterial.uasset" 10
"../../../Engine/Content/EditorMaterials/MAT_Groups_Toggle.uasset" 11
"../../../Engine/Content/EditorMaterials/MAT_Groups_Visibility.uasset" 12
"../../../Engine/Content/EditorMaterials/PreviewShadowIndicator.uasset" 13
"../../../Engine/Content/EditorMaterials/PreviewShadowIndicatorMaterial.uasset" 14
"../../../Engine/Content/EditorMaterials/MatineeGroups/MAT_ColorTrack.uasset" 15
"../../../Engine/Content/EditorMaterials/MatineeGroups/MAT_Groups_Anim.uasset" 16
"../../../Engine/Content/EditorMaterials/MatineeGroups/MAT_Groups_AudioMaster.uasset" 17
"../../../Engine/Content/EditorMaterials/MatineeGroups/MAT_Groups_Director.uasset" 18
"../../../Engine/Content/EditorMaterials/MatineeGroups/MAT_Groups_Event.uasset" 19
"../../../Engine/Content/EditorMaterials/MatineeGroups/MAT_Groups_Fade.uasset" 20
"../../../Engine/Content/EditorMaterials/MatineeGroups/MAT_Groups_Float.uasset" 21
"../../../Engine/Content/EditorMaterials/MatineeGroups/MAT_Groups_Move.uasset" 22
"../../../Engine/Content/EditorMaterials/MatineeGroups/MAT_Groups_Slomo.uasset" 23
"../../../Engine/Content/EditorMaterials/MatineeGroups/MAT_Groups_Sound.uasset" 24
"../../../Engine/Content/EditorMaterials/MatineeGroups/MAT_Groups_Vector.uasset" 25
"../../../Engine/Content/EditorMaterials/ParticleSystems/PSysThumbnail_NoImage.uasset" 26
"../../../Engine/Content/EditorMaterials/ParticleSystems/PSysThumbnail_OOD.uasset" 27
"../../../Engine/Content/EditorMaterials/Camera/CineMat.uasset" 28
"../../../Engine/Content/EditorMaterials/Camera/MI_CineMat_Rig.uasset" 29
"../../../Engine/Content/EditorMeshes/Camera/SM_CraneRig_Arm.uasset" 30
"../../../Engine/Content/EditorMeshes/Camera/SM_CraneRig_Base.uasset" 31
"../../../Engine/Content/EditorMeshes/Camera/SM_CraneRig_Body.uasset" 32
"../../../Engine/Content/EditorMeshes/Camera/SM_CraneRig_Mount.uasset" 33
"../../../Engine/Content/EditorMeshes/Camera/SM_RailRig_Mount.uasset" 34
"../../../Engine/Content/EditorMeshes/Camera/SM_RailRig_Track.uasset" 35
"../../../Engine/Content/EditorResources/BSPVertex.uasset" 36
"../../../Engine/Content/EditorResources/EmptyActor.uasset" 37
"../../../Engine/Content/EditorResources/S_Actor.uasset" 38
"../../../Engine/Content/EditorResources/S_Note.uasset" 39
"../../../Engine/Content/EditorResources/S_Trigger.uasset" 40
"../../../Engine/Content/EditorResources/AudioIcons/S_AudioComponent.uasset" 41
"../../../Engine/Content/EditorResources/LightIcons/S_LightError.uasset" 42
"../../../Engine/Content/EditorResources/SequenceRecorder/Countdown.uasset" 43
"../../../Engine/Content/EditorResources/SequenceRecorder/RecordingIndicator.uasset" 44
"../../../Engine/Content/EditorSounds/Notifications/CompileFailed.uasset" 45
"../../../Engine/Content/EditorSounds/Notifications/CompileFailed_Cue.uasset" 46
"../../../Engine/Content/EditorSounds/Notifications/CompileSuccess.uasset" 47
"../../../Engine/Content/EditorSounds/Notifications/CompileStart_Cue.uasset" 48
"../../../Engine/Content/EditorSounds/Notifications/CompileSuccess_Cue.uasset" 49
"../../../Engine/Content/EngineDamageTypes/DmgTypeBP_Environmental.uasset" 50
"../../../Engine/Content/EngineDebugMaterials/HeatmapGradient.uasset" 51
"../../../Engine/Content/EngineDebugMaterials/BoneWeightMaterial.uasset" 52
"../../../Engine/Content/EngineDebugMaterials/ClothMaterial.uasset" 53
"../../../Engine/Content/EngineDebugMaterials/ClothMaterial_WF.uasset" 54
"../../../Engine/Content/EngineDebugMaterials/DebugEditorMaterial.uasset" 55
"../../../Engine/Content/EngineDebugMaterials/DebugMeshMaterial.uasset" 56
"../../../Engine/Content/EngineDebugMaterials/GeomMaterial.uasset" 57
"../../../Engine/Content/EngineDebugMaterials/M_SimpleTranslucent.uasset" 58
"../../../Engine/Content/EngineFonts/Faces/RobotoBold.uasset" 59
"../../../Engine/Content/EngineFonts/Faces/RobotoBoldItalic.uasset" 60
"../../../Engine/Content/EngineFonts/Faces/RobotoItalic.uasset" 61
"../../../Engine/Content/EngineFonts/Faces/RobotoLight.uasset" 62
"../../../Engine/Content/EngineFonts/Faces/RobotoRegular.uasset" 63
"../../../Engine/Content/EngineFonts/Roboto.uasset" 64
"../../../Engine/Content/EngineFonts/Faces/RobotoTiny.uasset" 65
"../../../Engine/Content/EngineFonts/RobotoTiny.uasset" 66
"../../../Engine/Content/EngineMaterials/BaseFlattenDiffuseMap.uasset" 67
"../../../Engine/Content/EngineMaterials/BaseFlattenEmissiveMap.uasset" 68
"../../../Engine/Content/EngineMaterials/BaseFlattenGrayscaleMap.uasset" 69
"../../../Engine/Content/EngineMaterials/BaseFlattenNormalMap.uasset" 70
"../../../Engine/Content/EngineMaterials/BaseFlattenMaterial.uasset" 71
"../../../Engine/Content/EngineMaterials/DefaultBloomKernel.uasset" 72
"../../../Engine/Content/EngineMaterials/DefaultBokeh.uasset" 73
"../../../Engine/Content/EngineMaterials/DefaultDiffuse.uasset" 74
"../../../Engine/Content/EngineMaterials/DefaultDeferredDecalMaterial.uasset" 75
"../../../Engine/Content/EngineMaterials/DefaultLightFunctionMaterial.uasset" 76
"../../../Engine/Content/EngineMaterials/DefaultPhysicalMaterial.uasset" 77
"../../../Engine/Content/Functions/Engine_MaterialFunctions02/Utility/BreakOutFloat2Components.uasset" 78
"../../../Engine/Content/EngineMaterials/DefaultPostProcessMaterial.uasset" 79
"../../../Engine/Content/EngineFonts/RobotoDistanceField.uasset" 80
"../../../Engine/Content/EngineMaterials/DefaultTextMaterialOpaque.uasset" 81
"../../../Engine/Content/EngineMaterials/DefaultWhiteGrid.uasset" 82
"../../../Engine/Content/EngineMaterials/EditorBrushMaterial.uasset" 83
"../../../Engine/Content/EngineMaterials/Good64x64TilingNoiseHighFreq.uasset" 84
"../../../Engine/Content/EngineMaterials/MiniFont.uasset" 85
"../../../Engine/Content/EngineMaterials/InvalidLightmapSettings.uasset" 86
"../../../Engine/Content/EngineMaterials/M_InvalidLightmapSettings.uasset" 87
"../../../Engine/Content/Functions/Engine_MaterialFunctions02/WorldPositionOffset/CameraOffset.uasset" 88
"../../../Engine/Content/EngineMaterials/PhAT_JointLimitMaterial.uasset" 89
"../../../Engine/Content/EngineMaterials/PreintegratedSkinBRDF.uasset" 90
"../../../Engine/Content/EngineMaterials/RemoveSurfaceMaterial.uasset" 91
"../../../Engine/Content/EngineMaterials/WeightMapPlaceholderTexture.uasset" 92
"../../../Engine/Content/EngineResources/WhiteSquareTexture.uasset" 93
"../../../Engine/Content/EngineMaterials/Widget3DPassThrough.uasset" 94
"../../../Engine/Content/EngineMaterials/Widget3DPassThrough_Masked.uasset" 95
"../../../Engine/Content/EngineMaterials/Widget3DPassThrough_Opaque.uasset" 96
"../../../Engine/Content/EngineMaterials/Widget3DPassThrough_Masked_OneSided.uasset" 97
"../../../Engine/Content/EngineMaterials/Widget3DPassThrough_Opaque_OneSided.uasset" 98
"../../../Engine/Content/EngineMaterials/Widget3DPassThrough_Translucent.uasset" 99
"../../../Engine/Content/EngineMaterials/Widget3DPassThrough_Translucent_OneSided.uasset" 100
"../../../Engine/Content/EngineMeshes/Cylinder.uasset" 101
"../../../Engine/Content/EngineMeshes/Sphere.uasset" 102
"../../../Engine/Content/EngineResources/Black.uasset" 103
"../../../Engine/Content/EngineResources/DefaultTexture.uasset" 104
"../../../Engine/Content/EngineResources/DefaultTextureCube.uasset" 105
"../../../Engine/Content/EngineResources/DefaultVolumeTexture2D.uasset" 106
"../../../Engine/Content/EngineResources/DefaultVolumeTexture.uasset" 107
"../../../Engine/Content/EngineResources/GradientTexture0.uasset" 108
"../../../Engine/Content/EngineSounds/Master.uasset" 109
"../../../Engine/Content/Functions/Engine_MaterialFunctions01/Shading/ConvertFromDiffSpec.uasset" 110
"../../../Engine/Content/Functions/Engine_MaterialFunctions01/Shading/PowerToRoughness.uasset" 111
"../../../Engine/Content/Maps/Templates/Thumbnails/Default.uasset" 112
"../../../Engine/Content/Maps/Templates/Thumbnails/VR-Basic.uasset" 113
"../../../Engine/Content/MobileResources/T_MobileControls_texture.uasset" 114
"../../../Engine/Content/MobileResources/T_MobileMenu2.uasset" 115
"../../../Engine/Content/MobileResources/HUD/AnalogHat.uasset" 116
"../../../Engine/Content/MobileResources/HUD/VirtualJoystick_Background.uasset" 117
"../../../Engine/Content/MobileResources/HUD/VirtualJoystick_Thumb.uasset" 118
"../../../Engine/Content/MobileResources/HUD/DefaultVirtualJoysticks.uasset" 119
"../../../Engine/Content/MobileResources/HUD/LeftVirtualJoystickOnly.uasset" 120
"../../../Engine/Content/MobileResources/HUD/MobileHUDButton1_off.uasset" 121
"../../../Engine/Content/MobileResources/HUD/MobileHUDButton1_on.uasset" 122
"../../../Engine/Content/MobileResources/HUD/MobileHUDButton2_off.uasset" 123
"../../../Engine/Content/MobileResources/HUD/MobileHUDButton2_on.uasset" 124
"../../../Engine/Content/MobileResources/HUD/MobileHUDButton3.uasset" 125
"../../../Engine/Content/MobileResources/HUD/MobileHUDButtonFire.uasset" 126
"../../../Engine/Content/MobileResources/HUD/MobileHUDDirectionPad.uasset" 127
"../../../Engine/Content/MobileResources/HUD/MobileHUDDirectionPad2.uasset" 128
"../../../Engine/Content/MobileResources/HUD/MobileHUDDirectionPad3.uasset" 129
"../../../Engine/Content/MobileResources/HUD/MobileHUDDirectionStick.uasset" 130
"../../../Engine/Content/MobileResources/HUD/T_Castle_ThumbstickInner.uasset" 131
"../../../Engine/Content/MobileResources/HUD/T_Castle_ThumbstickOutter.uasset" 132
"../../../Engine/Content/Tutorial/ContentIntroCurve.uasset" 133
"../../../Engine/Content/Tutorial/Basics/LevelEditorAttract.uasset" 134
"../../../Engine/Content/VREditor/LaserPointer/VR_LaserPower_01.uasset" 135
"../../../Engine/Content/VREditor/TransformGizmo/TransformGizmoMaterial.uasset" 136
"../../../Engine/Content/VREditor/TransformGizmo/TranslucentTransformGizmoMaterial.uasset" 137
"../../../Engine/Content/VREditor/TransformGizmo/BoundingBoxCorner.uasset" 138
"../../../Engine/Content/VREditor/TransformGizmo/BoundingBoxEdge.uasset" 139
"../../../Engine/Content/VREditor/TransformGizmo/PlaneTranslationHandle.uasset" 140
"../../../Engine/Content/VREditor/TransformGizmo/Main.uasset" 141
"../../../Engine/Content/VREditor/TransformGizmo/Xray.uasset" 142
"../../../Engine/Content/VREditor/TransformGizmo/SM_Sequencer_Key.uasset" 143
"../../../Engine/Content/VREditor/TransformGizmo/SM_Sequencer_Node.uasset" 144
"../../Plugins/2D/Paper2D/Content/PlaceholderTextures/DummySpriteTexture.uasset" 145
"../../Plugins/2D/Paper2D/Content/DummySprite.uasset" 146
"../../Plugins/2D/Paper2D/Content/DefaultPaperTerrainMaterial.uasset" 147
"../../Plugins/2D/Paper2D/Content/DummySpriteTexture.uasset" 148
"../../Plugins/2D/Paper2D/Content/DefaultSpriteMaterial.uasset" 149
"../../Plugins/2D/Paper2D/Content/MaskedUnlitSpriteMaterial.uasset" 150
"../../Plugins/2D/Paper2D/Content/OpaqueUnlitSpriteMaterial.uasset" 151
"../../Plugins/Runtime/Oculus/OculusVR/Content/OculusMR_RenderTarget.uasset" 152
"../../../Engine/Content/Functions/Engine_MaterialFunctions02/Utility/BreakOutFloat4Components.uasset" 153
"../../../Engine/Content/Functions/Engine_MaterialFunctions02/Utility/MakeFloat2.uasset" 154
"../../../Engine/Content/Functions/Engine_MaterialFunctions02/Utility/MakeFloat3.uasset" 155
"../../Plugins/Runtime/Oculus/OculusVR/Content/Materials/OculusMR_ChromaKey.uasset" 156
"../../Plugins/Runtime/Oculus/OculusVR/Content/Materials/OculusMR_ChromaKey_Lit.uasset" 157
"../../Plugins/Runtime/Oculus/OculusVR/Content/Materials/OculusMR_OpaqueColoredMaterial.uasset" 158
"../../Plugins/Runtime/Oculus/OculusVR/Content/Materials/OculusMR_WhiteMaterial.uasset" 159
"../../Plugins/Runtime/Oculus/OculusVR/Content/Materials/PokeAHoleMaterial.uasset" 160
"../../Plugins/Runtime/Oculus/OculusVR/Content/Textures/GearVRController_AO.uasset" 161
"../../Plugins/Runtime/Oculus/OculusVR/Content/Textures/GearVRController_Color.uasset" 162
"../../Plugins/Runtime/Oculus/OculusVR/Content/Textures/GearVRController_Normal.uasset" 163
"../../Plugins/Runtime/Oculus/OculusVR/Content/Materials/GearVRControllerMaterial.uasset" 164
"../../Plugins/Runtime/Oculus/OculusVR/Content/Meshes/GearVrController.uasset" 165
"../../Plugins/Runtime/Oculus/OculusVR/Content/Textures/touchController_albedo.uasset" 166
"../../Plugins/Runtime/Oculus/OculusVR/Content/Textures/touchController_controlmap.uasset" 167
"../../Plugins/Runtime/Oculus/OculusVR/Content/Materials/touchController_mat.uasset" 168
"../../Plugins/Runtime/Oculus/OculusVR/Content/Meshes/LeftTouchController.uasset" 169
"../../Plugins/Runtime/Oculus/OculusVR/Content/Meshes/RiftHMD.uasset" 170
"../../Plugins/Runtime/Oculus/OculusVR/Content/Meshes/RightTouchController.uasset" 171
"../../../../../Github/EleBot/wrong_clone_2/Content/Character_SideScroll/Skeleton_SideScroll.uasset" 172
"../../../../../Github/EleBot/wrong_clone_2/Content/Character_SideScroll/Jump_LBot_Anim_Anim.uasset" 173
"../../../../../Github/EleBot/wrong_clone_2/Content/Character_SideScroll/JumpIn_LBot_Anim_Anim.uasset" 174
"../../../../../Github/EleBot/wrong_clone_2/Content/Character_SideScroll/JumpOut_LBot_Anim_Anim.uasset" 175
"../../../../../Github/EleBot/wrong_clone_2/Content/Character_SideScroll/Idle_LBot_Anim_Anim.uasset" 176
"../../../../../Github/EleBot/wrong_clone_2/Content/Character_SideScroll/Run_LBot_Anim_Anim.uasset" 177
"../../../../../Github/EleBot/wrong_clone_2/Content/Character_SideScroll/Walk_LBot_Anim_Anim.uasset" 178
"../../../../../Github/EleBot/wrong_clone_2/Content/Character_SideScroll/BS_SideScroll.uasset" 179
"../../../Engine/Content/EditorBlueprintResources/StandardMacros.uasset" 180
"../../../../../Github/EleBot/wrong_clone_2/Content/Character_SideScroll/AB_SideScroll.uasset" 181
"../../../../../Github/EleBot/wrong_clone_2/Content/SideScrollerBP/Meshes/Glow.uasset" 182
"../../../../../Github/EleBot/wrong_clone_2/Content/SideScrollerBP/Meshes/RedEmmision.uasset" 183
"../../../Engine/Content/BasicShapes/Cone.uasset" 184
"../../../Engine/Content/BasicShapes/Cube.uasset" 185
"../../../../../Github/EleBot/wrong_clone_2/Content/SideScrollerBP/Blueprints/DarkDeath.uasset" 186
"../../../../../Github/EleBot/wrong_clone_2/Content/Geometry/Meshes/CubeMaterial.uasset" 187
"../../../../../Github/EleBot/wrong_clone_2/Content/SideScrollerBP/Blueprints/DarkDeath_2.uasset" 188
"../../../../../Github/EleBot/wrong_clone_2/Content/SideScrollerBP/Blueprints/checkpoint.uasset" 189
"../../../../../Github/EleBot/wrong_clone_2/Content/Contenido_Menus/5_PAUSE_MENU/5_A_GUIA.uasset" 190
"../../../../../Github/EleBot/wrong_clone_2/Content/Contenido_Menus/5_PAUSE_MENU/T_Pause_ExitA.uasset" 191
"../../../../../Github/EleBot/wrong_clone_2/Content/Contenido_Menus/5_PAUSE_MENU/T_Pause_MainMenuA.uasset" 192
"../../../../../Github/EleBot/wrong_clone_2/Content/Contenido_Menus/5_PAUSE_MENU/T_Pause_Pause.uasset" 193
"../../../../../Github/EleBot/wrong_clone_2/Content/Contenido_Menus/5_PAUSE_MENU/T_Pause_ResumeA.uasset" 194
"../../../../../Github/EleBot/wrong_clone_2/Content/Contenido_Menus/5_PAUSE_MENU/T_Pause_White.uasset" 195
"../../../../../Github/EleBot/wrong_clone_2/Content/Contenido_Menus/BACK.uasset" 196
"../../../../../Github/EleBot/wrong_clone_2/Content/SideScrollerBP/interface/Pause.uasset" 197
"../../../Engine/Content/Functions/Engine_MaterialFunctions01/Gradient/RadialGradient.uasset" 198
"../../../../../Github/EleBot/wrong_clone_2/Content/SideScrollerBP/Meshes/Materials/M_Radial_Gradient.uasset" 199
"../../../../../Github/EleBot/wrong_clone_2/Content/SideScrollerBP/Meshes/Materials/M_radial_ramp.uasset" 200
"../../../../../Github/EleBot/wrong_clone_2/Content/SideScrollerBP/Meshes/Materials/P_Explosion.uasset" 201
"../../../../../Github/EleBot/wrong_clone_2/Content/SideScrollerBP/Sound/Big_Explosion_Cut_Off.uasset" 202
"../../../../../Github/EleBot/wrong_clone_2/Content/SideScrollerBP/Sound/jump.uasset" 203
"../../../../../Github/EleBot/wrong_clone_2/Content/SideScrollerBP/Sound/jump_Cue.uasset" 204
"../../../../../Github/EleBot/wrong_clone_2/Content/SideScrollerBP/Blueprints/GameController.uasset" 205
"../../../../../Github/EleBot/wrong_clone_2/Content/SideScrollerBP/Meshes/Win.uasset" 206
"../../../../../Github/EleBot/wrong_clone_2/Content/SideScrollerBP/Blueprints/WhiteWin.uasset" 207
"../../../../../Github/EleBot/wrong_clone_2/Content/Character_SideScroll/01_-_Default1.uasset" 208
"../../../../../Github/EleBot/wrong_clone_2/Content/Character_SideScroll/02_-_Default1.uasset" 209
"../../../../../Github/EleBot/wrong_clone_2/Content/Character_SideScroll/03_-_Default1.uasset" 210
"../../../../../Github/EleBot/wrong_clone_2/Content/Character_SideScroll/07_-_Default1.uasset" 211
"../../../../../Github/EleBot/wrong_clone_2/Content/Character_SideScroll/08_-_Default1.uasset" 212
"../../../../../Github/EleBot/wrong_clone_2/Content/Character_SideScroll/Idle_LBot_Anim_PhysicsAsset.uasset" 213
"../../../../../Github/EleBot/wrong_clone_2/Content/Character_SideScroll/Idle_LBot_Anim.uasset" 214
"../../../../../Github/EleBot/wrong_clone_2/Content/SideScrollerBP/Sound/clock.uasset" 215
"../../../../../Github/EleBot/wrong_clone_2/Content/SideScrollerBP/Blueprints/SideScrollerCharacter.uasset" 216
"../../../Engine/Content/BasicShapes/BasicShapeMaterial.uasset" 217
"../../../../../Github/EleBot/wrong_clone_2/Content/SideScrollerBP/Meshes/Button.uasset" 218
"../../../../../Github/EleBot/wrong_clone_2/Content/SideScrollerBP/Sound/SDDooropenDiscoveryLab04-MS.uasset" 219
"../../../../../Github/EleBot/wrong_clone_2/Content/SideScrollerBP/Sound/door.uasset" 220
"../../../../../Github/EleBot/wrong_clone_2/Content/SideScrollerBP/Blueprints/ButtonDoor.uasset" 221
"../../../Engine/Content/EngineSky/C_Sky_Cloud_Color.uasset" 222
"../../../Engine/Content/EngineSky/C_Sky_Horizon_Color.uasset" 223
"../../../Engine/Content/EngineSky/C_Sky_Zenith_Color.uasset" 224
"../../../Engine/Content/EngineSky/T_Sky_Blue.uasset" 225
"../../../Engine/Content/EngineSky/T_Sky_Clouds_M.uasset" 226
"../../../Engine/Content/EngineSky/T_Sky_Stars.uasset" 227
"../../../Engine/Content/EngineSky/M_Sky_Panning_Clouds2.uasset" 228
"../../../Engine/Content/EngineSky/SM_SkySphere.uasset" 229
"../../../Engine/Content/EngineSky/BP_Sky_Sphere.uasset" 230
"../../../../../Github/EleBot/wrong_clone_2/Content/SideScrollerBP/Blueprints/spawner.uasset" 231
"../../../../../Github/EleBot/wrong_clone_2/Content/SideScrollerBP/Sound/Ticker.uasset" 232
"../../../../../Github/EleBot/wrong_clone_2/Content/SideScrollerBP/Sound/Ticker_Cue.uasset" 233
"../../../../../Github/EleBot/wrong_clone_2/Content/TwinsGameInstance.uasset" 234
"../../../../../Github/EleBot/wrong_clone_2/Content/SideScrollerBP/Blueprints/01_-_Default.uasset" 235
"../../../../../Github/EleBot/wrong_clone_2/Content/ThirdPersonBP/Blueprints/Assets/04_-_Default.uasset" 236
"../../../../../Github/EleBot/wrong_clone_2/Content/SideScrollerBP/Meshes/Laboratory/incubafondo.uasset" 237
"../../../../../Github/EleBot/wrong_clone_2/Content/SideScrollerBP/Meshes/Laboratory/BackIncuba2.uasset" 238
"../../../../../Github/EleBot/wrong_clone_2/Content/SideScrollerBP/Meshes/Laboratory/Caja.uasset" 239
"../../../../../Github/EleBot/wrong_clone_2/Content/SideScrollerBP/Meshes/Laboratory/cajonera.uasset" 240
"../../../../../Github/EleBot/wrong_clone_2/Content/SideScrollerBP/Meshes/Laboratory/cajonera2.uasset" 241
"../../../../../Github/EleBot/wrong_clone_2/Content/SideScrollerBP/Meshes/Laboratory/Cajon1.uasset" 242
"../../../../../Github/EleBot/wrong_clone_2/Content/SideScrollerBP/Meshes/Laboratory/columna.uasset" 243
"../../../../../Github/EleBot/wrong_clone_2/Content/SideScrollerBP/Meshes/Laboratory/light.uasset" 244
"../../../../../Github/EleBot/wrong_clone_2/Content/SideScrollerBP/Meshes/Laboratory/Columna1.uasset" 245
"../../../../../Github/EleBot/wrong_clone_2/Content/SideScrollerBP/Meshes/Laboratory/incuba1.uasset" 246
"../../../../../Github/EleBot/wrong_clone_2/Content/SideScrollerBP/Meshes/Laboratory/incuba2.uasset" 247
"../../../../../Github/EleBot/wrong_clone_2/Content/SideScrollerBP/Meshes/Laboratory/Incuba3.uasset" 248
"../../../../../Github/EleBot/wrong_clone_2/Content/SideScrollerBP/Meshes/Laboratory/incuba4.uasset" 249
"../../../../../Github/EleBot/wrong_clone_2/Content/SideScrollerBP/Meshes/Laboratory/incuba5.uasset" 250
"../../../../../Github/EleBot/wrong_clone_2/Content/SideScrollerBP/Meshes/Laboratory/incubasuelo1.uasset" 251
"../../../../../Github/EleBot/wrong_clone_2/Content/SideScrollerBP/Meshes/Laboratory/incubasuelo3.uasset" 252
"../../../../../Github/EleBot/wrong_clone_2/Content/SideScrollerBP/Meshes/Laboratory/MainIncuba.uasset" 253
"../../../../../Github/EleBot/wrong_clone_2/Content/SideScrollerBP/Meshes/Laboratory/14_-_Default.uasset" 254
"../../../../../Github/EleBot/wrong_clone_2/Content/SideScrollerBP/Meshes/Laboratory/ParedAbajo.uasset" 255
"../../../../../Github/EleBot/wrong_clone_2/Content/SideScrollerBP/Meshes/Laboratory/Mesa1.uasset" 256
"../../../../../Github/EleBot/wrong_clone_2/Content/SideScrollerBP/Meshes/Laboratory/Mesa2.uasset" 257
"../../../../../Github/EleBot/wrong_clone_2/Content/SideScrollerBP/Meshes/Laboratory/fondopared.uasset" 258
"../../../../../Github/EleBot/wrong_clone_2/Content/SideScrollerBP/Meshes/Laboratory/Material__370.uasset" 259
"../../../../../Github/EleBot/wrong_clone_2/Content/SideScrollerBP/Meshes/Laboratory/Material__371.uasset" 260
"../../../../../Github/EleBot/wrong_clone_2/Content/SideScrollerBP/Meshes/Laboratory/Material__372.uasset" 261
"../../../../../Github/EleBot/wrong_clone_2/Content/SideScrollerBP/Meshes/Laboratory/Material__373.uasset" 262
"../../../../../Github/EleBot/wrong_clone_2/Content/SideScrollerBP/Meshes/Laboratory/Material__375.uasset" 263
"../../../../../Github/EleBot/wrong_clone_2/Content/SideScrollerBP/Meshes/Laboratory/ParedBarra.uasset" 264
"../../../../../Github/EleBot/wrong_clone_2/Content/SideScrollerBP/Meshes/Laboratory/Pared1.uasset" 265
"../../../../../Github/EleBot/wrong_clone_2/Content/SideScrollerBP/Meshes/Laboratory/Pared2.uasset" 266
"../../../../../Github/EleBot/wrong_clone_2/Content/SideScrollerBP/Meshes/Laboratory/ordenadormetal.uasset" 267
"../../../../../Github/EleBot/wrong_clone_2/Content/SideScrollerBP/Meshes/Laboratory/PCPantalla.uasset" 268
"../../../../../Github/EleBot/wrong_clone_2/Content/SideScrollerBP/Meshes/Laboratory/16_-_Default.uasset" 269
"../../../../../Github/EleBot/wrong_clone_2/Content/SideScrollerBP/Meshes/Laboratory/puerta2.uasset" 270
"../../../../../Github/EleBot/wrong_clone_2/Content/SideScrollerBP/Meshes/Laboratory/puertacolor.uasset" 271
"../../../../../Github/EleBot/wrong_clone_2/Content/SideScrollerBP/Meshes/Laboratory/Puerta1.uasset" 272
"../../../../../Github/EleBot/wrong_clone_2/Content/SideScrollerBP/Meshes/Laboratory/Silla.uasset" 273
"../../../../../Github/EleBot/wrong_clone_2/Content/SideScrollerBP/Maps/Laboratory.umap" 274
"../../../../../Github/EleBot/wrong_clone_2/Content/SideScrollerBP/Blueprints/Button.uasset" 275
"../../../../../Github/EleBot/wrong_clone_2/Content/SideScrollerBP/Blueprints/MovablePlatform.uasset" 276
"../../../../../Github/EleBot/wrong_clone_2/Content/SideScrollerBP/Blueprints/SideScrollerGameMode.uasset" 277
"../../../Engine/Content/Functions/Engine_MaterialFunctions01/ImageAdjustment/CheapContrast_RGB.uasset" 278
"../../../../../Github/EleBot/wrong_clone_2/Content/StarterBundle/ModularSci_Int/Textures/T_Metal_Brushed_N.uasset" 279
"../../../../../Github/EleBot/wrong_clone_2/Content/StarterBundle/ModularSci_Int/Textures/T_Metal_Scratches_M.uasset" 280
"../../../../../Github/EleBot/wrong_clone_2/Content/StarterBundle/ModularSci_Int/Materials/M_SolidColor_Base.uasset" 281
"../../../../../Github/EleBot/wrong_clone_2/Content/StarterBundle/ModularSci_Int/Textures/T_DefaultLight_S.uasset" 282
"../../../../../Github/EleBot/wrong_clone_2/Content/StarterBundle/ModularSci_Int/Textures/T_Hall_Door_Diff.uasset" 283
"../../../../../Github/EleBot/wrong_clone_2/Content/StarterBundle/ModularSci_Int/Textures/T_Hall_Door_L_M.uasset" 284
"../../../../../Github/EleBot/wrong_clone_2/Content/StarterBundle/ModularSci_Int/Textures/T_Hall_Door_L_N_normals.uasset" 285
"../../../../../Github/EleBot/wrong_clone_2/Content/StarterBundle/ModularSci_Int/Materials/M_Base_2C.uasset" 286
"../../../../../Github/EleBot/wrong_clone_2/Content/StarterBundle/ModularSci_Int/Textures/T_Win_Floor_A_Diff.uasset" 287
"../../../../../Github/EleBot/wrong_clone_2/Content/StarterBundle/ModularSci_Int/Textures/T_Win_Floor_A_M.uasset" 288
"../../../../../Github/EleBot/wrong_clone_2/Content/StarterBundle/ModularSci_Int/Textures/T_Win_Floor_A_N_normals.uasset" 289
"../../../../../Github/EleBot/wrong_clone_2/Content/StarterBundle/ModularSci_Int/Materials/MI_Win_Floor_A_COL.uasset" 290
"../../../../../Github/EleBot/wrong_clone_2/Content/Geometry/Meshes/1M_Cube.uasset" 291
"../../../../../Github/EleBot/wrong_clone_2/Content/SideScrollerBP/Meshes/Level_1_Earth/Decoracion/Brown2.uasset" 292
"../../../../../Github/EleBot/wrong_clone_2/Content/SideScrollerBP/Meshes/Level_1_Earth/Decoracion/Green.uasset" 293
"../../../../../Github/EleBot/wrong_clone_2/Content/SideScrollerBP/Meshes/Level_1_Earth/Decoracion/ArbolEscalable.uasset" 294
"../../../../../Github/EleBot/wrong_clone_2/Content/SideScrollerBP/Meshes/Level_1_Earth/Decoracion/WOOD.uasset" 295
"../../../../../Github/EleBot/wrong_clone_2/Content/SideScrollerBP/Meshes/Level_1_Earth/Decoracion/BonsaiEscalable.uasset" 296
"../../../../../Github/EleBot/wrong_clone_2/Content/SideScrollerBP/Meshes/Level_1_Earth/Decoracion/Rock1.uasset" 297
"../../../../../Github/EleBot/wrong_clone_2/Content/SideScrollerBP/Meshes/Level_1_Earth/Decoracion/GranRoca.uasset" 298
"../../../../../Github/EleBot/wrong_clone_2/Content/SideScrollerBP/Meshes/Level_1_Earth/Decoracion/Grass2.uasset" 299
"../../../../../Github/EleBot/wrong_clone_2/Content/SideScrollerBP/Meshes/Level_1_Earth/Decoracion/Grass3.uasset" 300
"../../../../../Github/EleBot/wrong_clone_2/Content/SideScrollerBP/Meshes/Level_1_Earth/Decoracion/Grass4.uasset" 301
"../../../../../Github/EleBot/wrong_clone_2/Content/SideScrollerBP/Meshes/Level_1_Earth/Decoracion/PinolEscalable.uasset" 302
"../../../../../Github/EleBot/wrong_clone_2/Content/SideScrollerBP/Meshes/Level_1_Earth/Decoracion/Brown.uasset" 303
"../../../../../Github/EleBot/wrong_clone_2/Content/SideScrollerBP/Meshes/Level_1_Earth/Decoracion/PlataformaVoladora.uasset" 304
"../../../../../Github/EleBot/wrong_clone_2/Content/SideScrollerBP/Meshes/Level_1_Earth/Decoracion/RocaEscalable.uasset" 305
"../../../../../Github/EleBot/wrong_clone_2/Content/SideScrollerBP/Meshes/Level_1_Earth/Decoracion/TreeTrunk.uasset" 306
"../../../../../Github/EleBot/wrong_clone_2/Content/SideScrollerBP/Meshes/Level_1_Earth/Fondos/Back2.uasset" 307
"../../../../../Github/EleBot/wrong_clone_2/Content/SideScrollerBP/Meshes/Level_1_Earth/Fondos/Back1.uasset" 308
"../../../../../Github/EleBot/wrong_clone_2/Content/SideScrollerBP/Meshes/Level_1_Earth/Fondos/Back12.uasset" 309
"../../../../../Github/EleBot/wrong_clone_2/Content/SideScrollerBP/Meshes/Level_1_Earth/Fondos/Back11.uasset" 310
"../../../../../Github/EleBot/wrong_clone_2/Content/SideScrollerBP/Meshes/Level_1_Earth/Fondos/Back14.uasset" 311
"../../../../../Github/EleBot/wrong_clone_2/Content/SideScrollerBP/Meshes/Level_1_Earth/Fondos/Back13.uasset" 312
"../../../../../Github/EleBot/wrong_clone_2/Content/SideScrollerBP/Meshes/Level_1_Earth/Fondos/Back18.uasset" 313
"../../../../../Github/EleBot/wrong_clone_2/Content/SideScrollerBP/Meshes/Level_1_Earth/Fondos/Back17.uasset" 314
"../../../../../Github/EleBot/wrong_clone_2/Content/SideScrollerBP/Meshes/Level_1_Earth/Fondos/Back20.uasset" 315
"../../../../../Github/EleBot/wrong_clone_2/Content/SideScrollerBP/Meshes/Level_1_Earth/Fondos/Back19.uasset" 316
"../../../../../Github/EleBot/wrong_clone_2/Content/SideScrollerBP/Meshes/Level_1_Earth/Fondos/Back4.uasset" 317
"../../../../../Github/EleBot/wrong_clone_2/Content/SideScrollerBP/Meshes/Level_1_Earth/Fondos/Back3.uasset" 318
"../../../../../Github/EleBot/wrong_clone_2/Content/SideScrollerBP/Meshes/Level_1_Earth/Fondos/Back8.uasset" 319
"../../../../../Github/EleBot/wrong_clone_2/Content/SideScrollerBP/Meshes/Level_1_Earth/Fondos/Back7.uasset" 320
"../../../../../Github/EleBot/wrong_clone_2/Content/SideScrollerBP/Meshes/Level_1_Earth/Fondos/Back10.uasset" 321
"../../../../../Github/EleBot/wrong_clone_2/Content/SideScrollerBP/Meshes/Level_1_Earth/Fondos/Back9.uasset" 322
"../../../../../Github/EleBot/wrong_clone_2/Content/SideScrollerBP/Meshes/Level_1_Earth/Brown.uasset" 323
"../../../../../Github/EleBot/wrong_clone_2/Content/SideScrollerBP/Meshes/Level_1_Earth/Brown2.uasset" 324
"../../../../../Github/EleBot/wrong_clone_2/Content/SideScrollerBP/Meshes/Level_1_Earth/Green1.uasset" 325
"../../../../../Github/EleBot/wrong_clone_2/Content/SideScrollerBP/Meshes/Level_1_Earth/Platform1.uasset" 326
"../../../../../Github/EleBot/wrong_clone_2/Content/SideScrollerBP/Meshes/Level_1_Earth/LPNPTrees.uasset" 327
"../../../../../Github/EleBot/wrong_clone_2/Content/SideScrollerBP/Meshes/Level_1_Earth/Rock1.uasset" 328
"../../../../../Github/EleBot/wrong_clone_2/Content/SideScrollerBP/Meshes/Level_1_Earth/Platform10.uasset" 329
"../../../../../Github/EleBot/wrong_clone_2/Content/SideScrollerBP/Meshes/Level_1_Earth/Platform12.uasset" 330
"../../../../../Github/EleBot/wrong_clone_2/Content/SideScrollerBP/Meshes/Level_1_Earth/Platform14.uasset" 331
"../../../../../Github/EleBot/wrong_clone_2/Content/SideScrollerBP/Meshes/Level_1_Earth/Platform2.uasset" 332
"../../../../../Github/EleBot/wrong_clone_2/Content/SideScrollerBP/Meshes/Level_1_Earth/Platform3.uasset" 333
"../../../../../Github/EleBot/wrong_clone_2/Content/SideScrollerBP/Meshes/Level_1_Earth/Platform4.uasset" 334
"../../../../../Github/EleBot/wrong_clone_2/Content/SideScrollerBP/Meshes/Level_1_Earth/Platform5.uasset" 335
"../../../../../Github/EleBot/wrong_clone_2/Content/SideScrollerBP/Meshes/Level_1_Earth/Platform6.uasset" 336
"../../../../../Github/EleBot/wrong_clone_2/Content/SideScrollerBP/Meshes/Level_1_Earth/Platform7.uasset" 337
"../../../../../Github/EleBot/wrong_clone_2/Content/SideScrollerBP/Meshes/Level_1_Earth/Platform8.uasset" 338
"../../../../../Github/EleBot/wrong_clone_2/Content/SideScrollerBP/Meshes/Level_1_Earth/Platform9.uasset" 339
"../../../../../Github/EleBot/wrong_clone_2/Content/SideScrollerBP/Maps/Level_earth.umap" 340
"../../../../../Github/EleBot/wrong_clone_2/Content/Contenido_Menus/2_MAIN_MENU/2_A_GUIA.uasset" 341
"../../../../../Github/EleBot/wrong_clone_2/Content/Contenido_Menus/2_MAIN_MENU/T_Menu_CreditsA.uasset" 342
"../../../../../Github/EleBot/wrong_clone_2/Content/Contenido_Menus/2_MAIN_MENU/T_Menu_Elebot.uasset" 343
"../../../../../Github/EleBot/wrong_clone_2/Content/Contenido_Menus/2_MAIN_MENU/T_Menu_ExitA.uasset" 344
"../../../../../Github/EleBot/wrong_clone_2/Content/Contenido_Menus/2_MAIN_MENU/T_Menu_PlayA.uasset" 345
"../../../../../Github/EleBot/wrong_clone_2/Content/Contenido_Menus/2_MAIN_MENU/T_Menu_SettingsA.uasset" 346
"../../../../../Github/EleBot/wrong_clone_2/Content/Contenido_Menus/3_SETTINGS/3_100A.uasset" 347
"../../../../../Github/EleBot/wrong_clone_2/Content/Contenido_Menus/3_SETTINGS/3_25A.uasset" 348
"../../../../../Github/EleBot/wrong_clone_2/Content/Contenido_Menus/3_SETTINGS/3_50A.uasset" 349
"../../../../../Github/EleBot/wrong_clone_2/Content/Contenido_Menus/3_SETTINGS/3_75A.uasset" 350
"../../../../../Github/EleBot/wrong_clone_2/Content/Contenido_Menus/3_SETTINGS/3_A_GUIA.uasset" 351
"../../../../../Github/EleBot/wrong_clone_2/Content/Contenido_Menus/3_SETTINGS/3_ApplyA.uasset" 352
"../../../../../Github/EleBot/wrong_clone_2/Content/Contenido_Menus/3_SETTINGS/3_EpicA.uasset" 353
"../../../../../Github/EleBot/wrong_clone_2/Content/Contenido_Menus/3_SETTINGS/3_HighA.uasset" 354
"../../../../../Github/EleBot/wrong_clone_2/Content/Contenido_Menus/3_SETTINGS/3_LowA.uasset" 355
"../../../../../Github/EleBot/wrong_clone_2/Content/Contenido_Menus/3_SETTINGS/3_MediumA.uasset" 356
"../../../../../Github/EleBot/wrong_clone_2/Content/Contenido_Menus/3_SETTINGS/T_Settings_Settings.uasset" 357
"../../../../../Github/EleBot/wrong_clone_2/Content/Contenido_Menus/3_SETTINGS/T_Settings_White.uasset" 358
"../../../../../Github/EleBot/wrong_clone_2/Content/Contenido_Menus/3_SETTINGS/T_SettingsAntiAliasing.uasset" 359
"../../../../../Github/EleBot/wrong_clone_2/Content/Contenido_Menus/3_SETTINGS/T_SettingsBackA.uasset" 360
"../../../../../Github/EleBot/wrong_clone_2/Content/Contenido_Menus/3_SETTINGS/T_SettingsResolution.uasset" 361
"../../../../../Github/EleBot/wrong_clone_2/Content/Contenido_Menus/3_SETTINGS/T_SettingsView.uasset" 362
"../../../../../Github/EleBot/wrong_clone_2/Content/SideScrollerBP/interface/Options.uasset" 363
"../../../../../Github/EleBot/wrong_clone_2/Content/SideScrollerBP/interface/MenuUI.uasset" 364
"../../../../../Github/EleBot/wrong_clone_2/Content/SideScrollerBP/Maps/Menu.umap" 365
"../../../Engine/Content/Functions/Engine_MaterialFunctions02/Utility/BlendAngleCorrectedNormals.uasset" 366
"../../../Engine/Content/Functions/MaterialLayerFunctions/MatLayerBlend_NormalBlend.uasset" 367
"../../../Engine/Content/Functions/MaterialLayerFunctions/MatLayerBlend_Simple.uasset" 368
"../../../../../Github/EleBot/wrong_clone_2/Content/Mannequin/Character/Materials/MaterialLayers/T_ML_Rubber_Blue_01_D.uasset" 369
"../../../../../Github/EleBot/wrong_clone_2/Content/Mannequin/Character/Materials/MaterialLayers/T_ML_Rubber_Blue_01_N.uasset" 370
"../../../../../Github/EleBot/wrong_clone_2/Content/Mannequin/Character/Materials/MaterialLayers/ML_GlossyBlack_Latex_UE4.uasset" 371
"../../../../../Github/EleBot/wrong_clone_2/Content/Mannequin/Character/Materials/MaterialLayers/ML_Plastic_Shiny_Beige.uasset" 372
"../../../../../Github/EleBot/wrong_clone_2/Content/Mannequin/Character/Textures/UE4_LOGO_CARD.uasset" 373
"../../../../../Github/EleBot/wrong_clone_2/Content/Mannequin/Character/Materials/MaterialLayers/ML_Plastic_Shiny_Beige_LOGO.uasset" 374
"../../../../../Github/EleBot/wrong_clone_2/Content/Mannequin/Character/Materials/MaterialLayers/T_ML_Aluminum01.uasset" 375
"../../../../../Github/EleBot/wrong_clone_2/Content/Mannequin/Character/Materials/MaterialLayers/T_ML_Aluminum01_N.uasset" 376
"../../../../../Github/EleBot/wrong_clone_2/Content/Mannequin/Character/Materials/MaterialLayers/ML_SoftMetal_UE4.uasset" 377
"../../../../../Github/EleBot/wrong_clone_2/Content/Mannequin/Character/Textures/UE4_Mannequin__normals.uasset" 378
"../../../../../Github/EleBot/wrong_clone_2/Content/Mannequin/Character/Textures/UE4_Mannequin_MAT_MASKA.uasset" 379
"../../../../../Github/EleBot/wrong_clone_2/Content/Mannequin/Character/Materials/M_UE4Man_Body.uasset" 380
"../../../Engine/Content/BasicShapes/Sphere.uasset" 381
"../../../../../Github/EleBot/wrong_clone_2/Content/ThirdPersonBP/Blueprints/E.uasset" 382
"../../../../../Github/EleBot/wrong_clone_2/Content/ThirdPersonBP/Blueprints/level1Widget.uasset" 383
"../../../../../Github/EleBot/wrong_clone_2/Content/ThirdPersonBP/Blueprints/level1.uasset" 384
"../../../../../Github/EleBot/wrong_clone_2/Content/Character_ThirdChar/Idle_LBot_Anim_Skeleton.uasset" 385
"../../../../../Github/EleBot/wrong_clone_2/Content/Character_ThirdChar/Jump_LBot_Anim_Anim.uasset" 386
"../../../../../Github/EleBot/wrong_clone_2/Content/Character_ThirdChar/JumpIn_LBot_Anim_Anim.uasset" 387
"../../../../../Github/EleBot/wrong_clone_2/Content/Character_ThirdChar/JumpOut_LBot_Anim_Anim.uasset" 388
"../../../../../Github/EleBot/wrong_clone_2/Content/Character_ThirdChar/Idle_LBot_Anim_Anim.uasset" 389
"../../../../../Github/EleBot/wrong_clone_2/Content/Character_ThirdChar/Run_LBot_Anim_Anim.uasset" 390
"../../../../../Github/EleBot/wrong_clone_2/Content/Character_ThirdChar/Walk_LBot_Anim_Anim.uasset" 391
"../../../../../Github/EleBot/wrong_clone_2/Content/Character_ThirdChar/BS_IDLE_WALK_RUN.uasset" 392
"../../../../../Github/EleBot/wrong_clone_2/Content/Character_ThirdChar/AB_BS_JUMP.uasset" 393
"../../../../../Github/EleBot/wrong_clone_2/Content/Character_ThirdChar/01_-_Default1.uasset" 394
"../../../../../Github/EleBot/wrong_clone_2/Content/Character_ThirdChar/02_-_Default1.uasset" 395
"../../../../../Github/EleBot/wrong_clone_2/Content/Character_ThirdChar/03_-_Default1.uasset" 396
"../../../../../Github/EleBot/wrong_clone_2/Content/Character_ThirdChar/07_-_Default1.uasset" 397
"../../../../../Github/EleBot/wrong_clone_2/Content/Character_ThirdChar/08_-_Default1.uasset" 398
"../../../../../Github/EleBot/wrong_clone_2/Content/Character_ThirdChar/Idle_LBot_Anim.uasset" 399
"../../../../../Github/EleBot/wrong_clone_2/Content/ThirdPersonBP/Blueprints/ThirdPersonCharacter.uasset" 400
"../../../../../Github/EleBot/wrong_clone_2/Content/ThirdPersonBP/Blueprints/ThirdPersonGameMode.uasset" 401
"../../../../../Github/EleBot/wrong_clone_2/Content/ThirdPersonBP/Maps/Lobbt3rdPerson_BuiltData.uasset" 402
"../../../../../Github/EleBot/wrong_clone_2/Content/ThirdPersonBP/Blueprints/Assets/Suelo.uasset" 403
"../../../../../Github/EleBot/wrong_clone_2/Content/ThirdPersonBP/Blueprints/Assets/Medidas_Nuevas/01_-_Default.uasset" 404
"../../../../../Github/EleBot/wrong_clone_2/Content/ThirdPersonBP/Blueprints/Assets/Medidas_Nuevas/07_-_Default.uasset" 405
"../../../../../Github/EleBot/wrong_clone_2/Content/ThirdPersonBP/Blueprints/Assets/Medidas_Nuevas/09_-_Default.uasset" 406
"../../../../../Github/EleBot/wrong_clone_2/Content/ThirdPersonBP/Blueprints/Assets/Medidas_Nuevas/Base.uasset" 407
"../../../../../Github/EleBot/wrong_clone_2/Content/ThirdPersonBP/Blueprints/Assets/Medidas_Nuevas/04_-_Default.uasset" 408
"../../../../../Github/EleBot/wrong_clone_2/Content/ThirdPersonBP/Blueprints/Assets/Medidas_Nuevas/Plataforma.uasset" 409
"../../../../../Github/EleBot/wrong_clone_2/Content/ThirdPersonBP/Blueprints/Assets/Medidas_Nuevas/05_-_Default.uasset" 410
"../../../../../Github/EleBot/wrong_clone_2/Content/ThirdPersonBP/Blueprints/Assets/Medidas_Nuevas/10_-_Default.uasset" 411
"../../../../../Github/EleBot/wrong_clone_2/Content/ThirdPersonBP/Blueprints/Assets/Medidas_Nuevas/Material__2.uasset" 412
"../../../../../Github/EleBot/wrong_clone_2/Content/ThirdPersonBP/Blueprints/Assets/Medidas_Nuevas/Teletransport.uasset" 413
"../../../../../Github/EleBot/wrong_clone_2/Content/ThirdPersonBP/Blueprints/Assets/Suelo_Esquina_Down_Derecha.uasset" 414
"../../../../../Github/EleBot/wrong_clone_2/Content/ThirdPersonBP/Blueprints/Assets/Suelo_Esquina_Down_Izquierda.uasset" 415
"../../../../../Github/EleBot/wrong_clone_2/Content/ThirdPersonBP/Blueprints/Assets/Suelo_Esquina_Up_Derecha.uasset" 416
"../../../../../Github/EleBot/wrong_clone_2/Content/ThirdPersonBP/Blueprints/Assets/Suelo_Esquina_Up_Izquierda.uasset" 417
"../../../../../Github/EleBot/wrong_clone_2/Content/ThirdPersonBP/Blueprints/Assets/Suelo_Mid_Derecha.uasset" 418
"../../../../../Github/EleBot/wrong_clone_2/Content/ThirdPersonBP/Blueprints/Assets/Suelo_Mid_Down.uasset" 419
"../../../../../Github/EleBot/wrong_clone_2/Content/ThirdPersonBP/Blueprints/Assets/Suelo_Mid_Esquerra.uasset" 420
"../../../../../Github/EleBot/wrong_clone_2/Content/ThirdPersonBP/Blueprints/Assets/Suelo_Mid_UP.uasset" 421
"../../../../../Github/EleBot/wrong_clone_2/Content/ThirdPersonBP/Blueprints/Assets/Suelo_Plane.uasset" 422
"../../../../../Github/EleBot/wrong_clone_2/Content/ThirdPersonBP/Maps/Lobbt3rdPerson.umap" 423
"../../../Engine/Content/Maps/Entry_BuiltData.uasset" 424
"../../../Engine/Content/Maps/Entry.umap" 425
