Log file open, 04/03/20 02:13:33
LogWindows: Failed to load 'aqProf.dll' (GetLastError=126)
LogWindows: File 'aqProf.dll' does not exist
LogWindows: Failed to load 'VtuneApi.dll' (GetLastError=126)
LogWindows: File 'VtuneApi.dll' does not exist
LogWindows: Failed to load 'VtuneApi32e.dll' (GetLastError=126)
LogWindows: File 'VtuneApi32e.dll' does not exist
LogConsoleResponse: Display: Failed to find resolution value strings in scalability ini. Falling back to default.
LogInit: Display: Running engine for game: wrong_clone
LogPakFile: Registered encryption key '00000000000000000000000000000000': 0 pak files mounted, 0 remain pending
LogPlatformFile: Not using cached read wrapper
LogTaskGraph: Started task graph with 5 named threads and 26 total threads with 3 sets of task threads.
LogStats: Stats thread started at 0.285688
LogD3D11RHI: Loaded GFSDK_Aftermath_Lib.x64.dll
LogICUInternationalization: ICU TimeZone Detection - Raw Offset: +1:00, Platform Override: ''
LogPluginManager: Mounting plugin Paper2D
LogPluginManager: Mounting plugin AISupport
LogPluginManager: Mounting plugin LightPropagationVolume
LogPluginManager: Mounting plugin ActorLayerUtilities
LogPluginManager: Mounting plugin AnimationSharing
LogPluginManager: Mounting plugin CLionSourceCodeAccess
LogPluginManager: Mounting plugin CodeLiteSourceCodeAccess
LogPluginManager: Mounting plugin GitSourceControl
LogPluginManager: Mounting plugin KDevelopSourceCodeAccess
LogPluginManager: Mounting plugin NullSourceCodeAccess
LogPluginManager: Mounting plugin PerforceSourceControl
LogPluginManager: Mounting plugin SubversionSourceControl
LogPluginManager: Mounting plugin UObjectPlugin
LogPluginManager: Mounting plugin VisualStudioCodeSourceCodeAccess
LogPluginManager: Mounting plugin VisualStudioSourceCodeAccess
LogPluginManager: Mounting plugin XCodeSourceCodeAccess
LogPluginManager: Mounting plugin AssetManagerEditor
LogPluginManager: Mounting plugin CryptoKeys
LogPluginManager: Mounting plugin DataValidation
LogPluginManager: Mounting plugin FacialAnimation
LogPluginManager: Mounting plugin GameplayTagsEditor
LogPluginManager: Mounting plugin MacGraphicsSwitching
LogPluginManager: Mounting plugin MaterialAnalyzer
LogPluginManager: Mounting plugin MobileLauncherProfileWizard
LogPluginManager: Mounting plugin PluginBrowser
LogPluginManager: Mounting plugin SpeedTreeImporter
LogPluginManager: Mounting plugin DatasmithContent
LogPluginManager: Mounting plugin VariantManagerContent
LogPluginManager: Mounting plugin AlembicImporter
LogPluginManager: Mounting plugin AppleImageUtils
LogPluginManager: Mounting plugin AppleVision
LogPluginManager: Mounting plugin BackChannel
LogPluginManager: Mounting plugin CharacterAI
LogPluginManager: Mounting plugin GeometryCache
LogPluginManager: Mounting plugin HTML5Networking
LogPluginManager: Mounting plugin ProxyLODPlugin
LogPluginManager: Mounting plugin SkeletalReduction
LogPluginManager: Mounting plugin MagicLeap
LogPluginManager: Mounting plugin MagicLeapMedia
LogPluginManager: Mounting plugin AndroidMedia
LogPluginManager: Mounting plugin AvfMedia
LogPluginManager: Mounting plugin ImgMedia
LogPluginManager: Mounting plugin LinearTimecode
LogPluginManager: Mounting plugin MediaCompositing
LogPluginManager: Mounting plugin MediaPlayerEditor
LogPluginManager: Mounting plugin WebMMedia
LogPluginManager: Mounting plugin WmfMedia
LogPluginManager: Mounting plugin TcpMessaging
LogPluginManager: Mounting plugin UdpMessaging
LogPluginManager: Mounting plugin ActorSequence
LogPluginManager: Mounting plugin LevelSequenceEditor
LogPluginManager: Mounting plugin MatineeToLevelSequence
LogPluginManager: Mounting plugin NetcodeUnitTest
LogPluginManager: Mounting plugin NUTUnrealEngine4
LogPluginManager: Mounting plugin OnlineSubsystemGooglePlay
LogPluginManager: Mounting plugin OnlineSubsystemIOS
LogPluginManager: Mounting plugin OnlineSubsystem
LogPluginManager: Mounting plugin OnlineSubsystemNull
LogPluginManager: Mounting plugin OnlineSubsystemUtils
LogPluginManager: Mounting plugin LauncherChunkInstaller
LogPluginManager: Mounting plugin AndroidDeviceProfileSelector
LogPluginManager: Mounting plugin AndroidMoviePlayer
LogPluginManager: Mounting plugin AndroidPermission
LogPluginManager: Mounting plugin AppleMoviePlayer
LogPluginManager: Mounting plugin ArchVisCharacter
LogPluginManager: Mounting plugin AudioCapture
LogPluginManager: Mounting plugin CableComponent
LogPluginManager: Mounting plugin CustomMeshComponent
LogPluginManager: Mounting plugin EditableMesh
LogPluginManager: Mounting plugin ExampleDeviceProfileSelector
LogPluginManager: Mounting plugin Firebase
LogPluginManager: Mounting plugin GoogleCloudMessaging
LogPluginManager: Mounting plugin IOSDeviceProfileSelector
LogPluginManager: Mounting plugin LinuxDeviceProfileSelector
LogPluginManager: Mounting plugin LocationServicesBPLibrary
LogPluginManager: Mounting plugin MobilePatchingUtils
LogPluginManager: Mounting plugin OculusVR
LogPluginManager: Mounting plugin PhysXVehicles
LogPluginManager: Mounting plugin ProceduralMeshComponent
LogPluginManager: Mounting plugin RuntimePhysXCooking
LogPluginManager: Mounting plugin SignificanceManager
LogPluginManager: Mounting plugin SteamVR
LogPluginManager: Mounting plugin WebMMoviePlayer
LogPluginManager: Mounting plugin WindowsMoviePlayer
LogInit: Using libcurl 7.55.1-DEV
LogInit:  - built for x86_64-pc-win32
LogInit:  - supports SSL with OpenSSL/1.1.1
LogInit:  - supports HTTP deflate (compression) using libz 1.2.8
LogInit:  - other features:
LogInit:      CURL_VERSION_SSL
LogInit:      CURL_VERSION_LIBZ
LogInit:      CURL_VERSION_IPV6
LogInit:      CURL_VERSION_ASYNCHDNS
LogInit:      CURL_VERSION_LARGEFILE
LogInit:      CURL_VERSION_IDN
LogInit:  CurlRequestOptions (configurable via config and command line):
LogInit:  - bVerifyPeer = true  - Libcurl will verify peer certificate
LogInit:  - bUseHttpProxy = false  - Libcurl will NOT use HTTP proxy
LogInit:  - bDontReuseConnections = false  - Libcurl will reuse connections
LogInit:  - MaxHostConnections = 16  - Libcurl will limit the number of connections to a host
LogInit:  - LocalHostAddr = Default
LogInit:  - BufferSize = 65536
LogInit: WinSock: version 1.1 (2.2), MaxSocks=32767, MaxUdp=65467
LogInit: Build: ++UE4+Release-4.22-CL-7053642
LogInit: Engine Version: 4.22.3-7053642+++UE4+Release-4.22
LogInit: Compatible Engine Version: 4.22.0-5660361+++UE4+Release-4.22
LogInit: Net CL: 5660361
LogInit: OS: Windows 10 (Release 1809) (), CPU: Intel(R) Core(TM) i7-9700K CPU @ 3.60GHz, GPU: Intel(R) UHD Graphics 630
LogInit: Compiled (64-bit): Jun 18 2019 03:09:11
LogInit: Compiled with Visual C++: 19.16.27025.01
LogInit: Build Configuration: Development
LogInit: Branch Name: ++UE4+Release-4.22
LogInit: Command Line: 
LogInit: Base Directory: C:/Program Files/Epic Games/UE_4.22/Engine/Binaries/Win64/
LogInit: Installed Engine Build: 1
LogDevObjectVersion: Number of dev versions registered: 23
LogDevObjectVersion:   Dev-Blueprints (B0D832E4-1F89-4F0D-ACCF-7EB736FD4AA2): 10
LogDevObjectVersion:   Dev-Build (E1C64328-A22C-4D53-A36C-8E866417BD8C): 0
LogDevObjectVersion:   Dev-Core (375EC13C-06E4-48FB-B500-84F0262A717E): 3
LogDevObjectVersion:   Dev-Editor (E4B068ED-F494-42E9-A231-DA0B2E46BB41): 30
LogDevObjectVersion:   Dev-Framework (CFFC743F-43B0-4480-9391-14DF171D2073): 35
LogDevObjectVersion:   Dev-Mobile (B02B49B5-BB20-44E9-A304-32B752E40360): 2
LogDevObjectVersion:   Dev-Networking (A4E4105C-59A1-49B5-A7C5-40C4547EDFEE): 0
LogDevObjectVersion:   Dev-Online (39C831C9-5AE6-47DC-9A44-9C173E1C8E7C): 0
LogDevObjectVersion:   Dev-Physics (78F01B33-EBEA-4F98-B9B4-84EACCB95AA2): 0
LogDevObjectVersion:   Dev-Platform (6631380F-2D4D-43E0-8009-CF276956A95A): 0
LogDevObjectVersion:   Dev-Rendering (12F88B9F-8875-4AFC-A67C-D90C383ABD29): 28
LogDevObjectVersion:   Dev-Sequencer (7B5AE74C-D270-4C10-A958-57980B212A5A): 11
LogDevObjectVersion:   Dev-VR (D7296918-1DD6-4BDD-9DE2-64A83CC13884): 2
LogDevObjectVersion:   Dev-LoadTimes (C2A15278-BFE7-4AFE-6C17-90FF531DF755): 1
LogDevObjectVersion:   Private-Geometry (6EACA3D4-40EC-4CC1-B786-8BED09428FC5): 3
LogDevObjectVersion:   Dev-AnimPhys (29E575DD-E0A3-4627-9D10-D276232CDCEA): 17
LogDevObjectVersion:   Dev-Anim (AF43A65D-7FD3-4947-9873-3E8ED9C1BB05): 2
LogDevObjectVersion:   Dev-ReflectionCapture (6B266CEC-1EC7-4B8F-A30B-E4D90942FC07): 1
LogDevObjectVersion:   Dev-Automation (0DF73D61-A23F-47EA-B727-89E90C41499A): 1
LogDevObjectVersion:   FortniteMain (601D1886-AC64-4F84-AA16-D3DE0DEAC7D6): 25
LogDevObjectVersion:   Dev-Enterprise (9DFFBCD6-494F-0158-E221-12823C92A888): 6
LogDevObjectVersion:   Dev-Niagara (F2AED0AC-9AFE-416F-8664-AA7FFA26D6FC): 1
LogDevObjectVersion:   Dev-Destruction (174F1F0B-B4C6-45A5-B13F-2EE8D0FB917D): 2
LogInit: Presizing for max 16777216 objects, including 0 objects not considered by GC, pre-allocating 0 bytes for permanent pool.
LogInit: Object subsystem initialized
LogConfig: Setting CVar [[con.DebugEarlyDefault:1]]
LogConfig: Setting CVar [[r.setres:1280x720]]
[2020.04.03-00.13.34:146][  0]LogConfig: Setting CVar [[r.VSync:0]]
[2020.04.03-00.13.34:146][  0]LogConfig: Setting CVar [[r.RHICmdBypass:0]]
[2020.04.03-00.13.34:146][  0]LogConfig: Applying CVar settings from Section [/Script/Engine.RendererSettings] File [D:/ELEBOT/EleBot_Que/wrong_clone_2/Saved/Config/Windows/Engine.ini]
[2020.04.03-00.13.34:146][  0]LogConfig: Setting CVar [[r.GPUCrashDebugging:0]]
[2020.04.03-00.13.34:146][  0]LogConfig: Applying CVar settings from Section [/Script/Engine.RendererOverrideSettings] File [D:/ELEBOT/EleBot_Que/wrong_clone_2/Saved/Config/Windows/Engine.ini]
[2020.04.03-00.13.34:146][  0]LogConfig: Applying CVar settings from Section [/Script/Engine.StreamingSettings] File [D:/ELEBOT/EleBot_Que/wrong_clone_2/Saved/Config/Windows/Engine.ini]
[2020.04.03-00.13.34:146][  0]LogConfig: Setting CVar [[s.MinBulkDataSizeForAsyncLoading:131072]]
[2020.04.03-00.13.34:146][  0]LogConfig: Setting CVar [[s.AsyncLoadingThreadEnabled:0]]
[2020.04.03-00.13.34:146][  0]LogConfig: Setting CVar [[s.EventDrivenLoaderEnabled:1]]
[2020.04.03-00.13.34:146][  0]LogConfig: Setting CVar [[s.WarnIfTimeLimitExceeded:0]]
[2020.04.03-00.13.34:146][  0]LogConfig: Setting CVar [[s.TimeLimitExceededMultiplier:1.5]]
[2020.04.03-00.13.34:146][  0]LogConfig: Setting CVar [[s.TimeLimitExceededMinTime:0.005]]
[2020.04.03-00.13.34:146][  0]LogConfig: Setting CVar [[s.UseBackgroundLevelStreaming:1]]
[2020.04.03-00.13.34:146][  0]LogConfig: Setting CVar [[s.PriorityAsyncLoadingExtraTime:15.0]]
[2020.04.03-00.13.34:146][  0]LogConfig: Setting CVar [[s.LevelStreamingActorsUpdateTimeLimit:5.0]]
[2020.04.03-00.13.34:146][  0]LogConfig: Setting CVar [[s.PriorityLevelStreamingActorsUpdateExtraTime:5.0]]
[2020.04.03-00.13.34:146][  0]LogConfig: Setting CVar [[s.LevelStreamingComponentsRegistrationGranularity:10]]
[2020.04.03-00.13.34:146][  0]LogConfig: Setting CVar [[s.UnregisterComponentsTimeLimit:1.0]]
[2020.04.03-00.13.34:146][  0]LogConfig: Setting CVar [[s.LevelStreamingComponentsUnregistrationGranularity:5]]
[2020.04.03-00.13.34:146][  0]LogConfig: Applying CVar settings from Section [/Script/Engine.GarbageCollectionSettings] File [D:/ELEBOT/EleBot_Que/wrong_clone_2/Saved/Config/Windows/Engine.ini]
[2020.04.03-00.13.34:147][  0]LogConfig: Setting CVar [[gc.MaxObjectsNotConsideredByGC:1]]
[2020.04.03-00.13.34:147][  0]LogConfig: Setting CVar [[gc.SizeOfPermanentObjectPool:0]]
[2020.04.03-00.13.34:147][  0]LogConfig: Setting CVar [[gc.FlushStreamingOnGC:0]]
[2020.04.03-00.13.34:147][  0]LogConfig: Setting CVar [[gc.NumRetriesBeforeForcingGC:10]]
[2020.04.03-00.13.34:147][  0]LogConfig: Setting CVar [[gc.AllowParallelGC:1]]
[2020.04.03-00.13.34:147][  0]LogConfig: Setting CVar [[gc.TimeBetweenPurgingPendingKillObjects:61.1]]
[2020.04.03-00.13.34:147][  0]LogConfig: Setting CVar [[gc.MaxObjectsInEditor:16777216]]
[2020.04.03-00.13.34:147][  0]LogConfig: Setting CVar [[gc.IncrementalBeginDestroyEnabled:1]]
[2020.04.03-00.13.34:147][  0]LogConfig: Setting CVar [[gc.CreateGCClusters:1]]
[2020.04.03-00.13.34:147][  0]LogConfig: Setting CVar [[gc.MinGCClusterSize:5]]
[2020.04.03-00.13.34:147][  0]LogConfig: Setting CVar [[gc.ActorClusteringEnabled:0]]
[2020.04.03-00.13.34:147][  0]LogConfig: Setting CVar [[gc.BlueprintClusteringEnabled:0]]
[2020.04.03-00.13.34:147][  0]LogConfig: Setting CVar [[gc.UseDisregardForGCOnDedicatedServers:0]]
[2020.04.03-00.13.34:147][  0]LogConfig: Applying CVar settings from Section [/Script/Engine.NetworkSettings] File [D:/ELEBOT/EleBot_Que/wrong_clone_2/Saved/Config/Windows/Engine.ini]
[2020.04.03-00.13.34:147][  0]LogConfig: Applying CVar settings from Section [/Script/UnrealEd.CookerSettings] File [D:/ELEBOT/EleBot_Que/wrong_clone_2/Saved/Config/Windows/Engine.ini]
[2020.04.03-00.13.34:149][  0]LogConfig: Applying CVar settings from Section [ViewDistanceQuality@3] File [D:/ELEBOT/EleBot_Que/wrong_clone_2/Saved/Config/Windows/Scalability.ini]
[2020.04.03-00.13.34:149][  0]LogConfig: Setting CVar [[r.SkeletalMeshLODBias:0]]
[2020.04.03-00.13.34:149][  0]LogConfig: Setting CVar [[r.ViewDistanceScale:1.0]]
[2020.04.03-00.13.34:149][  0]LogConfig: Applying CVar settings from Section [AntiAliasingQuality@3] File [D:/ELEBOT/EleBot_Que/wrong_clone_2/Saved/Config/Windows/Scalability.ini]
[2020.04.03-00.13.34:149][  0]LogConfig: Setting CVar [[r.PostProcessAAQuality:4]]
[2020.04.03-00.13.34:149][  0]LogConfig: Applying CVar settings from Section [ShadowQuality@3] File [D:/ELEBOT/EleBot_Que/wrong_clone_2/Saved/Config/Windows/Scalability.ini]
[2020.04.03-00.13.34:149][  0]LogConfig: Setting CVar [[r.LightFunctionQuality:1]]
[2020.04.03-00.13.34:149][  0]LogConfig: Setting CVar [[r.ShadowQuality:5]]
[2020.04.03-00.13.34:149][  0]LogConfig: Setting CVar [[r.Shadow.CSM.MaxCascades:10]]
[2020.04.03-00.13.34:149][  0]LogConfig: Setting CVar [[r.Shadow.MaxResolution:2048]]
[2020.04.03-00.13.34:149][  0]LogConfig: Setting CVar [[r.Shadow.MaxCSMResolution:2048]]
[2020.04.03-00.13.34:149][  0]LogConfig: Setting CVar [[r.Shadow.RadiusThreshold:0.01]]
[2020.04.03-00.13.34:149][  0]LogConfig: Setting CVar [[r.Shadow.DistanceScale:1.0]]
[2020.04.03-00.13.34:149][  0]LogConfig: Setting CVar [[r.Shadow.CSM.TransitionScale:1.0]]
[2020.04.03-00.13.34:149][  0]LogConfig: Setting CVar [[r.Shadow.PreShadowResolutionFactor:1.0]]
[2020.04.03-00.13.34:149][  0]LogConfig: Setting CVar [[r.DistanceFieldShadowing:1]]
[2020.04.03-00.13.34:149][  0]LogConfig: Setting CVar [[r.DistanceFieldAO:1]]
[2020.04.03-00.13.34:149][  0]LogConfig: Setting CVar [[r.AOQuality:2]]
[2020.04.03-00.13.34:149][  0]LogConfig: Setting CVar [[r.VolumetricFog:1]]
[2020.04.03-00.13.34:149][  0]LogConfig: Setting CVar [[r.VolumetricFog.GridPixelSize:8]]
[2020.04.03-00.13.34:150][  0]LogConfig: Setting CVar [[r.VolumetricFog.GridSizeZ:128]]
[2020.04.03-00.13.34:150][  0]LogConfig: Setting CVar [[r.VolumetricFog.HistoryMissSupersampleCount:4]]
[2020.04.03-00.13.34:150][  0]LogConfig: Setting CVar [[r.LightMaxDrawDistanceScale:1]]
[2020.04.03-00.13.34:150][  0]LogConfig: Setting CVar [[r.CapsuleShadows:1]]
[2020.04.03-00.13.34:150][  0]LogConfig: Applying CVar settings from Section [PostProcessQuality@3] File [D:/ELEBOT/EleBot_Que/wrong_clone_2/Saved/Config/Windows/Scalability.ini]
[2020.04.03-00.13.34:150][  0]LogConfig: Setting CVar [[r.MotionBlurQuality:4]]
[2020.04.03-00.13.34:150][  0]LogConfig: Setting CVar [[r.AmbientOcclusionMipLevelFactor:0.4]]
[2020.04.03-00.13.34:150][  0]LogConfig: Setting CVar [[r.AmbientOcclusionMaxQuality:100]]
[2020.04.03-00.13.34:150][  0]LogConfig: Setting CVar [[r.AmbientOcclusionLevels:-1]]
[2020.04.03-00.13.34:150][  0]LogConfig: Setting CVar [[r.AmbientOcclusionRadiusScale:1.0]]
[2020.04.03-00.13.34:150][  0]LogConfig: Setting CVar [[r.DepthOfFieldQuality:2]]
[2020.04.03-00.13.34:150][  0]LogConfig: Setting CVar [[r.RenderTargetPoolMin:400]]
[2020.04.03-00.13.34:150][  0]LogConfig: Setting CVar [[r.LensFlareQuality:2]]
[2020.04.03-00.13.34:150][  0]LogConfig: Setting CVar [[r.SceneColorFringeQuality:1]]
[2020.04.03-00.13.34:150][  0]LogConfig: Setting CVar [[r.EyeAdaptationQuality:2]]
[2020.04.03-00.13.34:150][  0]LogConfig: Setting CVar [[r.BloomQuality:5]]
[2020.04.03-00.13.34:150][  0]LogConfig: Setting CVar [[r.FastBlurThreshold:100]]
[2020.04.03-00.13.34:150][  0]LogConfig: Setting CVar [[r.Upscale.Quality:3]]
[2020.04.03-00.13.34:150][  0]LogConfig: Setting CVar [[r.Tonemapper.GrainQuantization:1]]
[2020.04.03-00.13.34:150][  0]LogConfig: Setting CVar [[r.LightShaftQuality:1]]
[2020.04.03-00.13.34:150][  0]LogConfig: Setting CVar [[r.Filter.SizeScale:1]]
[2020.04.03-00.13.34:150][  0]LogConfig: Setting CVar [[r.Tonemapper.Quality:5]]
[2020.04.03-00.13.34:150][  0]LogConfig: Setting CVar [[r.DOF.Gather.AccumulatorQuality:1        ; higher gathering accumulator quality]]
[2020.04.03-00.13.34:150][  0]LogConfig: Setting CVar [[r.DOF.Gather.PostfilterMethod:1          ; Median3x3 postfilering method]]
[2020.04.03-00.13.34:150][  0]LogConfig: Setting CVar [[r.DOF.Gather.EnableBokehSettings:0       ; no bokeh simulation when gathering]]
[2020.04.03-00.13.34:150][  0]LogConfig: Setting CVar [[r.DOF.Gather.RingCount:4                 ; medium number of samples when gathering]]
[2020.04.03-00.13.34:150][  0]LogConfig: Setting CVar [[r.DOF.Scatter.ForegroundCompositing:1    ; additive foreground scattering]]
[2020.04.03-00.13.34:150][  0]LogConfig: Setting CVar [[r.DOF.Scatter.BackgroundCompositing:2    ; additive background scattering]]
[2020.04.03-00.13.34:150][  0]LogConfig: Setting CVar [[r.DOF.Scatter.EnableBokehSettings:1      ; bokeh simulation when scattering]]
[2020.04.03-00.13.34:150][  0]LogConfig: Setting CVar [[r.DOF.Scatter.MaxSpriteRatio:0.1         ; only a maximum of 10% of scattered bokeh]]
[2020.04.03-00.13.34:150][  0]LogConfig: Setting CVar [[r.DOF.Recombine.Quality:1                ; cheap slight out of focus]]
[2020.04.03-00.13.34:150][  0]LogConfig: Setting CVar [[r.DOF.Recombine.EnableBokehSettings:0    ; no bokeh simulation on slight out of focus]]
[2020.04.03-00.13.34:150][  0]LogConfig: Setting CVar [[r.DOF.TemporalAAQuality:1                ; more stable temporal accumulation]]
[2020.04.03-00.13.34:150][  0]LogConfig: Setting CVar [[r.DOF.Kernel.MaxForegroundRadius:0.025]]
[2020.04.03-00.13.34:150][  0]LogConfig: Setting CVar [[r.DOF.Kernel.MaxBackgroundRadius:0.025]]
[2020.04.03-00.13.34:150][  0]LogConfig: Applying CVar settings from Section [TextureQuality@3] File [D:/ELEBOT/EleBot_Que/wrong_clone_2/Saved/Config/Windows/Scalability.ini]
[2020.04.03-00.13.34:150][  0]LogConfig: Setting CVar [[r.Streaming.MipBias:0]]
[2020.04.03-00.13.34:150][  0]LogConfig: Setting CVar [[r.Streaming.AmortizeCPUToGPUCopy:0]]
[2020.04.03-00.13.34:150][  0]LogConfig: Setting CVar [[r.Streaming.MaxNumTexturesToStreamPerFrame:0]]
[2020.04.03-00.13.34:150][  0]LogConfig: Setting CVar [[r.Streaming.Boost:1]]
[2020.04.03-00.13.34:150][  0]LogConfig: Setting CVar [[r.MaxAnisotropy:8]]
[2020.04.03-00.13.34:150][  0]LogConfig: Setting CVar [[r.Streaming.LimitPoolSizeToVRAM:0]]
[2020.04.03-00.13.34:150][  0]LogConfig: Setting CVar [[r.Streaming.PoolSize:1000]]
[2020.04.03-00.13.34:150][  0]LogConfig: Setting CVar [[r.Streaming.MaxEffectiveScreenSize:0]]
[2020.04.03-00.13.34:150][  0]LogConfig: Applying CVar settings from Section [EffectsQuality@3] File [D:/ELEBOT/EleBot_Que/wrong_clone_2/Saved/Config/Windows/Scalability.ini]
[2020.04.03-00.13.34:150][  0]LogConfig: Setting CVar [[r.TranslucencyLightingVolumeDim:64]]
[2020.04.03-00.13.34:150][  0]LogConfig: Setting CVar [[r.RefractionQuality:2]]
[2020.04.03-00.13.34:150][  0]LogConfig: Setting CVar [[r.SSR.Quality:3]]
[2020.04.03-00.13.34:150][  0]LogConfig: Setting CVar [[r.SceneColorFormat:4]]
[2020.04.03-00.13.34:150][  0]LogConfig: Setting CVar [[r.DetailMode:2]]
[2020.04.03-00.13.34:150][  0]LogConfig: Setting CVar [[r.TranslucencyVolumeBlur:1]]
[2020.04.03-00.13.34:150][  0]LogConfig: Setting CVar [[r.MaterialQualityLevel:1 ; High quality]]
[2020.04.03-00.13.34:150][  0]LogConfig: Setting CVar [[r.SSS.Scale:1]]
[2020.04.03-00.13.34:150][  0]LogConfig: Setting CVar [[r.SSS.SampleSet:2]]
[2020.04.03-00.13.34:150][  0]LogConfig: Setting CVar [[r.SSS.Quality:1]]
[2020.04.03-00.13.34:150][  0]LogConfig: Setting CVar [[r.SSS.HalfRes:1]]
[2020.04.03-00.13.34:150][  0]LogConfig: Setting CVar [[r.EmitterSpawnRateScale:1.0]]
[2020.04.03-00.13.34:150][  0]LogConfig: Setting CVar [[r.ParticleLightQuality:2]]
[2020.04.03-00.13.34:150][  0]LogConfig: Applying CVar settings from Section [FoliageQuality@3] File [D:/ELEBOT/EleBot_Que/wrong_clone_2/Saved/Config/Windows/Scalability.ini]
[2020.04.03-00.13.34:150][  0]LogConfig: Setting CVar [[foliage.DensityScale:1.0]]
[2020.04.03-00.13.34:150][  0]LogConfig: Setting CVar [[grass.DensityScale:1.0]]
[2020.04.03-00.13.34:150][  0]LogInit: Selected Device Profile: [Windows]
[2020.04.03-00.13.34:150][  0]LogInit: Applying CVar settings loaded from the selected device profile: [Windows]
[2020.04.03-00.13.34:156][  0]LogHAL: Display: Platform has ~ 32 GB [34199789568 / 34359738368 / 32], which maps to Largest [LargestMinGB=32, LargerMinGB=12, DefaultMinGB=8, SmallerMinGB=6, SmallestMinGB=0)
[2020.04.03-00.13.34:156][  0]LogConfig: Setting CVar [[r.Vulkan.UseRealUBs:0		; Required until we fix HLR fall-out]]
[2020.04.03-00.13.34:157][  0]LogInit: Going up to parent DeviceProfile []
[2020.04.03-00.13.34:157][  0]LogConfig: Applying CVar settings from Section [ViewDistanceQuality@3] File [D:/ELEBOT/EleBot_Que/wrong_clone_2/Saved/Config/Windows/Scalability.ini]
[2020.04.03-00.13.34:157][  0]LogConfig: Setting CVar [[r.SkeletalMeshLODBias:0]]
[2020.04.03-00.13.34:157][  0]LogConfig: Setting CVar [[r.ViewDistanceScale:1.0]]
[2020.04.03-00.13.34:157][  0]LogConfig: Applying CVar settings from Section [AntiAliasingQuality@3] File [D:/ELEBOT/EleBot_Que/wrong_clone_2/Saved/Config/Windows/Scalability.ini]
[2020.04.03-00.13.34:157][  0]LogConfig: Setting CVar [[r.PostProcessAAQuality:4]]
[2020.04.03-00.13.34:157][  0]LogConfig: Applying CVar settings from Section [ShadowQuality@3] File [D:/ELEBOT/EleBot_Que/wrong_clone_2/Saved/Config/Windows/Scalability.ini]
[2020.04.03-00.13.34:157][  0]LogConfig: Setting CVar [[r.LightFunctionQuality:1]]
[2020.04.03-00.13.34:157][  0]LogConfig: Setting CVar [[r.ShadowQuality:5]]
[2020.04.03-00.13.34:157][  0]LogConfig: Setting CVar [[r.Shadow.CSM.MaxCascades:10]]
[2020.04.03-00.13.34:157][  0]LogConfig: Setting CVar [[r.Shadow.MaxResolution:2048]]
[2020.04.03-00.13.34:157][  0]LogConfig: Setting CVar [[r.Shadow.MaxCSMResolution:2048]]
[2020.04.03-00.13.34:157][  0]LogConfig: Setting CVar [[r.Shadow.RadiusThreshold:0.01]]
[2020.04.03-00.13.34:157][  0]LogConfig: Setting CVar [[r.Shadow.DistanceScale:1.0]]
[2020.04.03-00.13.34:157][  0]LogConfig: Setting CVar [[r.Shadow.CSM.TransitionScale:1.0]]
[2020.04.03-00.13.34:157][  0]LogConfig: Setting CVar [[r.Shadow.PreShadowResolutionFactor:1.0]]
[2020.04.03-00.13.34:157][  0]LogConfig: Setting CVar [[r.DistanceFieldShadowing:1]]
[2020.04.03-00.13.34:157][  0]LogConfig: Setting CVar [[r.DistanceFieldAO:1]]
[2020.04.03-00.13.34:157][  0]LogConfig: Setting CVar [[r.AOQuality:2]]
[2020.04.03-00.13.34:157][  0]LogConfig: Setting CVar [[r.VolumetricFog:1]]
[2020.04.03-00.13.34:157][  0]LogConfig: Setting CVar [[r.VolumetricFog.GridPixelSize:8]]
[2020.04.03-00.13.34:157][  0]LogConfig: Setting CVar [[r.VolumetricFog.GridSizeZ:128]]
[2020.04.03-00.13.34:157][  0]LogConfig: Setting CVar [[r.VolumetricFog.HistoryMissSupersampleCount:4]]
[2020.04.03-00.13.34:157][  0]LogConfig: Setting CVar [[r.LightMaxDrawDistanceScale:1]]
[2020.04.03-00.13.34:157][  0]LogConfig: Setting CVar [[r.CapsuleShadows:1]]
[2020.04.03-00.13.34:157][  0]LogConfig: Applying CVar settings from Section [PostProcessQuality@3] File [D:/ELEBOT/EleBot_Que/wrong_clone_2/Saved/Config/Windows/Scalability.ini]
[2020.04.03-00.13.34:157][  0]LogConfig: Setting CVar [[r.MotionBlurQuality:4]]
[2020.04.03-00.13.34:157][  0]LogConfig: Setting CVar [[r.AmbientOcclusionMipLevelFactor:0.4]]
[2020.04.03-00.13.34:157][  0]LogConfig: Setting CVar [[r.AmbientOcclusionMaxQuality:100]]
[2020.04.03-00.13.34:157][  0]LogConfig: Setting CVar [[r.AmbientOcclusionLevels:-1]]
[2020.04.03-00.13.34:157][  0]LogConfig: Setting CVar [[r.AmbientOcclusionRadiusScale:1.0]]
[2020.04.03-00.13.34:157][  0]LogConfig: Setting CVar [[r.DepthOfFieldQuality:2]]
[2020.04.03-00.13.34:157][  0]LogConfig: Setting CVar [[r.RenderTargetPoolMin:400]]
[2020.04.03-00.13.34:157][  0]LogConfig: Setting CVar [[r.LensFlareQuality:2]]
[2020.04.03-00.13.34:157][  0]LogConfig: Setting CVar [[r.SceneColorFringeQuality:1]]
[2020.04.03-00.13.34:157][  0]LogConfig: Setting CVar [[r.EyeAdaptationQuality:2]]
[2020.04.03-00.13.34:157][  0]LogConfig: Setting CVar [[r.BloomQuality:5]]
[2020.04.03-00.13.34:157][  0]LogConfig: Setting CVar [[r.FastBlurThreshold:100]]
[2020.04.03-00.13.34:157][  0]LogConfig: Setting CVar [[r.Upscale.Quality:3]]
[2020.04.03-00.13.34:157][  0]LogConfig: Setting CVar [[r.Tonemapper.GrainQuantization:1]]
[2020.04.03-00.13.34:157][  0]LogConfig: Setting CVar [[r.LightShaftQuality:1]]
[2020.04.03-00.13.34:157][  0]LogConfig: Setting CVar [[r.Filter.SizeScale:1]]
[2020.04.03-00.13.34:157][  0]LogConfig: Setting CVar [[r.Tonemapper.Quality:5]]
[2020.04.03-00.13.34:157][  0]LogConfig: Setting CVar [[r.DOF.Gather.AccumulatorQuality:1        ; higher gathering accumulator quality]]
[2020.04.03-00.13.34:157][  0]LogConfig: Setting CVar [[r.DOF.Gather.PostfilterMethod:1          ; Median3x3 postfilering method]]
[2020.04.03-00.13.34:157][  0]LogConfig: Setting CVar [[r.DOF.Gather.EnableBokehSettings:0       ; no bokeh simulation when gathering]]
[2020.04.03-00.13.34:157][  0]LogConfig: Setting CVar [[r.DOF.Gather.RingCount:4                 ; medium number of samples when gathering]]
[2020.04.03-00.13.34:157][  0]LogConfig: Setting CVar [[r.DOF.Scatter.ForegroundCompositing:1    ; additive foreground scattering]]
[2020.04.03-00.13.34:157][  0]LogConfig: Setting CVar [[r.DOF.Scatter.BackgroundCompositing:2    ; additive background scattering]]
[2020.04.03-00.13.34:157][  0]LogConfig: Setting CVar [[r.DOF.Scatter.EnableBokehSettings:1      ; bokeh simulation when scattering]]
[2020.04.03-00.13.34:157][  0]LogConfig: Setting CVar [[r.DOF.Scatter.MaxSpriteRatio:0.1         ; only a maximum of 10% of scattered bokeh]]
[2020.04.03-00.13.34:157][  0]LogConfig: Setting CVar [[r.DOF.Recombine.Quality:1                ; cheap slight out of focus]]
[2020.04.03-00.13.34:157][  0]LogConfig: Setting CVar [[r.DOF.Recombine.EnableBokehSettings:0    ; no bokeh simulation on slight out of focus]]
[2020.04.03-00.13.34:157][  0]LogConfig: Setting CVar [[r.DOF.TemporalAAQuality:1                ; more stable temporal accumulation]]
[2020.04.03-00.13.34:157][  0]LogConfig: Setting CVar [[r.DOF.Kernel.MaxForegroundRadius:0.025]]
[2020.04.03-00.13.34:157][  0]LogConfig: Setting CVar [[r.DOF.Kernel.MaxBackgroundRadius:0.025]]
[2020.04.03-00.13.34:157][  0]LogConfig: Applying CVar settings from Section [TextureQuality@3] File [D:/ELEBOT/EleBot_Que/wrong_clone_2/Saved/Config/Windows/Scalability.ini]
[2020.04.03-00.13.34:157][  0]LogConfig: Setting CVar [[r.Streaming.MipBias:0]]
[2020.04.03-00.13.34:157][  0]LogConfig: Setting CVar [[r.Streaming.AmortizeCPUToGPUCopy:0]]
[2020.04.03-00.13.34:157][  0]LogConfig: Setting CVar [[r.Streaming.MaxNumTexturesToStreamPerFrame:0]]
[2020.04.03-00.13.34:157][  0]LogConfig: Setting CVar [[r.Streaming.Boost:1]]
[2020.04.03-00.13.34:157][  0]LogConfig: Setting CVar [[r.MaxAnisotropy:8]]
[2020.04.03-00.13.34:157][  0]LogConfig: Setting CVar [[r.Streaming.LimitPoolSizeToVRAM:0]]
[2020.04.03-00.13.34:157][  0]LogConfig: Setting CVar [[r.Streaming.PoolSize:1000]]
[2020.04.03-00.13.34:157][  0]LogConfig: Setting CVar [[r.Streaming.MaxEffectiveScreenSize:0]]
[2020.04.03-00.13.34:157][  0]LogConfig: Applying CVar settings from Section [EffectsQuality@3] File [D:/ELEBOT/EleBot_Que/wrong_clone_2/Saved/Config/Windows/Scalability.ini]
[2020.04.03-00.13.34:157][  0]LogConfig: Setting CVar [[r.TranslucencyLightingVolumeDim:64]]
[2020.04.03-00.13.34:157][  0]LogConfig: Setting CVar [[r.RefractionQuality:2]]
[2020.04.03-00.13.34:157][  0]LogConfig: Setting CVar [[r.SSR.Quality:3]]
[2020.04.03-00.13.34:157][  0]LogConfig: Setting CVar [[r.SceneColorFormat:4]]
[2020.04.03-00.13.34:157][  0]LogConfig: Setting CVar [[r.DetailMode:2]]
[2020.04.03-00.13.34:157][  0]LogConfig: Setting CVar [[r.TranslucencyVolumeBlur:1]]
[2020.04.03-00.13.34:157][  0]LogConfig: Setting CVar [[r.MaterialQualityLevel:1 ; High quality]]
[2020.04.03-00.13.34:157][  0]LogConfig: Setting CVar [[r.SSS.Scale:1]]
[2020.04.03-00.13.34:157][  0]LogConfig: Setting CVar [[r.SSS.SampleSet:2]]
[2020.04.03-00.13.34:157][  0]LogConfig: Setting CVar [[r.SSS.Quality:1]]
[2020.04.03-00.13.34:157][  0]LogConfig: Setting CVar [[r.SSS.HalfRes:1]]
[2020.04.03-00.13.34:157][  0]LogConfig: Setting CVar [[r.EmitterSpawnRateScale:1.0]]
[2020.04.03-00.13.34:157][  0]LogConfig: Setting CVar [[r.ParticleLightQuality:2]]
[2020.04.03-00.13.34:157][  0]LogConfig: Applying CVar settings from Section [FoliageQuality@3] File [D:/ELEBOT/EleBot_Que/wrong_clone_2/Saved/Config/Windows/Scalability.ini]
[2020.04.03-00.13.34:157][  0]LogConfig: Setting CVar [[foliage.DensityScale:1.0]]
[2020.04.03-00.13.34:157][  0]LogConfig: Setting CVar [[grass.DensityScale:1.0]]
[2020.04.03-00.13.34:157][  0]LogConfig: Applying CVar settings from Section [Startup] File [../../../Engine/Config/ConsoleVariables.ini]
[2020.04.03-00.13.34:158][  0]LogConfig: Setting CVar [[net.UseAdaptiveNetUpdateFrequency:0]]
[2020.04.03-00.13.34:158][  0]LogConfig: Setting CVar [[p.chaos.AllowCreatePhysxBodies:1]]
[2020.04.03-00.13.34:158][  0]LogConfig: Applying CVar settings from Section [ConsoleVariables] File [D:/ELEBOT/EleBot_Que/wrong_clone_2/Saved/Config/Windows/Engine.ini]
[2020.04.03-00.13.34:158][  0]LogInit: Computer: DESKTOP-G1AV8A3
[2020.04.03-00.13.34:158][  0]LogInit: User: Usuario
[2020.04.03-00.13.34:158][  0]LogInit: CPU Page size=4096, Cores=8
[2020.04.03-00.13.34:158][  0]LogInit: High frequency timer resolution =10.000000 MHz
[2020.04.03-00.13.34:158][  0]LogMemory: Memory total: Physical=31.9GB (32GB approx)
[2020.04.03-00.13.34:158][  0]LogMemory: Platform Memory Stats for Windows
[2020.04.03-00.13.34:158][  0]LogMemory: Process Physical Memory: 96.68 MB used, 96.69 MB peak
[2020.04.03-00.13.34:158][  0]LogMemory: Process Virtual Memory: 89.03 MB used, 89.03 MB peak
[2020.04.03-00.13.34:158][  0]LogMemory: Physical Memory: 8373.23 MB used,  24242.23 MB free, 32615.46 MB total
[2020.04.03-00.13.34:158][  0]LogMemory: Virtual Memory: 4646.13 MB used,  134213080.00 MB free, 134217728.00 MB total
[2020.04.03-00.13.34:175][  0]LogInit: Overriding language with editor language configuration option (en).
[2020.04.03-00.13.34:175][  0]LogInit: Overriding locale with editor locale configuration option (en).
[2020.04.03-00.13.34:273][  0]LogInit: Setting process to per monitor DPI aware
[2020.04.03-00.13.34:302][  0]LogSlate: New Slate User Created.  User Index 0, Is Virtual User: 0
[2020.04.03-00.13.34:302][  0]LogSlate: Slate User Registered.  User Index 0, Is Virtual User: 0
[2020.04.03-00.13.34:438][  0]LogHMD: Failed to initialize OpenVR with code 110
[2020.04.03-00.13.34:438][  0]LogD3D11RHI: D3D11 adapters:
[2020.04.03-00.13.34:457][  0]LogD3D11RHI:    0. 'Intel(R) UHD Graphics 630' (Feature Level 11_0)
[2020.04.03-00.13.34:457][  0]LogD3D11RHI:       128/0/16307 MB DedicatedVideo/DedicatedSystem/SharedSystem, Outputs:1, VendorId:0x8086
[2020.04.03-00.13.34:511][  0]LogD3D11RHI:    1. 'NVIDIA GeForce RTX 2070' (Feature Level 11_0)
[2020.04.03-00.13.34:511][  0]LogD3D11RHI:       8031/0/16307 MB DedicatedVideo/DedicatedSystem/SharedSystem, Outputs:0, VendorId:0x10de
[2020.04.03-00.13.34:513][  0]LogD3D11RHI:    2. 'Microsoft Basic Render Driver' (Feature Level 11_0)
[2020.04.03-00.13.34:513][  0]LogD3D11RHI:       0/0/16307 MB DedicatedVideo/DedicatedSystem/SharedSystem, Outputs:0, VendorId:0x1414
[2020.04.03-00.13.34:513][  0]LogD3D11RHI: Chosen D3D11 Adapter: 1
[2020.04.03-00.13.34:519][  0]LogD3D11RHI: Creating new Direct3DDevice
[2020.04.03-00.13.34:519][  0]LogD3D11RHI:     GPU DeviceId: 0x1f07 (for the marketing name, search the web for "GPU Device Id")
[2020.04.03-00.13.34:519][  0]LogWindows: EnumDisplayDevices:
[2020.04.03-00.13.34:519][  0]LogWindows:    0. 'Intel(R) UHD Graphics 630' (P:1 D:1)
[2020.04.03-00.13.34:519][  0]LogWindows:    1. 'Intel(R) UHD Graphics 630' (P:0 D:0)
[2020.04.03-00.13.34:519][  0]LogWindows:    2. 'Intel(R) UHD Graphics 630' (P:0 D:0)
[2020.04.03-00.13.34:520][  0]LogWindows:    3. 'NVIDIA GeForce RTX 2070' (P:0 D:0)
[2020.04.03-00.13.34:520][  0]LogWindows:    4. 'NVIDIA GeForce RTX 2070' (P:0 D:0)
[2020.04.03-00.13.34:520][  0]LogWindows:    5. 'NVIDIA GeForce RTX 2070' (P:0 D:0)
[2020.04.03-00.13.34:520][  0]LogWindows:    6. 'NVIDIA GeForce RTX 2070' (P:0 D:0)
[2020.04.03-00.13.34:520][  0]LogWindows: DebugString: PrimaryIsNotTheChoosenAdapter PrimaryIsNotTheChoosenAdapter PrimaryIsNotTheChoosenAdapter FoundDriverCount:4 
[2020.04.03-00.13.34:520][  0]LogD3D11RHI:     Adapter Name: NVIDIA GeForce RTX 2070
[2020.04.03-00.13.34:520][  0]LogD3D11RHI:   Driver Version: 432.00 (internal:26.21.14.3200, unified:432.00)
[2020.04.03-00.13.34:520][  0]LogD3D11RHI:      Driver Date: 7-24-2019
[2020.04.03-00.13.34:520][  0]LogRHI: Texture pool is 5621 MB (70% of 8031 MB)
[2020.04.03-00.13.34:558][  0]LogD3D11RHI: Async texture creation enabled
[2020.04.03-00.13.34:560][  0]LogRendererCore: FGlobalReadBuffer::InitRHI
[2020.04.03-00.13.34:560][  0]LogRendererCore: FGlobalReadBuffer::InitRHI
[2020.04.03-00.13.34:560][  0]LogRendererCore: FGlobalReadBuffer::InitRHI
[2020.04.03-00.13.34:567][  0]LogD3D11RHI: GPU Timing Frequency: 1000.000000 (Debug: 2 1)
[2020.04.03-00.13.34:778][  0]LogTemp: Display: Module 'AllDesktopTargetPlatform' loaded TargetPlatform 'AllDesktop'
[2020.04.03-00.13.34:788][  0]LogTemp: Display: Module 'MacClientTargetPlatform' loaded TargetPlatform 'MacClient'
[2020.04.03-00.13.34:798][  0]LogTemp: Display: Module 'MacNoEditorTargetPlatform' loaded TargetPlatform 'MacNoEditor'
[2020.04.03-00.13.34:809][  0]LogTemp: Display: Module 'MacServerTargetPlatform' loaded TargetPlatform 'MacServer'
[2020.04.03-00.13.34:819][  0]LogTemp: Display: Module 'MacTargetPlatform' loaded TargetPlatform 'Mac'
[2020.04.03-00.13.34:829][  0]LogTemp: Display: Module 'WindowsClientTargetPlatform' loaded TargetPlatform 'WindowsClient'
[2020.04.03-00.13.34:839][  0]LogTemp: Display: Module 'WindowsNoEditorTargetPlatform' loaded TargetPlatform 'WindowsNoEditor'
[2020.04.03-00.13.34:849][  0]LogTemp: Display: Module 'WindowsServerTargetPlatform' loaded TargetPlatform 'WindowsServer'
[2020.04.03-00.13.34:854][  0]LogTemp: Display: Module 'WindowsTargetPlatform' loaded TargetPlatform 'Windows'
[2020.04.03-00.13.34:910][  0]LogTemp: Display: Module 'AndroidTargetPlatform' loaded TargetPlatform 'Android'
[2020.04.03-00.13.34:910][  0]LogTemp: Display: Module 'AndroidTargetPlatform' loaded TargetPlatform 'Android_ASTC'
[2020.04.03-00.13.34:910][  0]LogTemp: Display: Module 'AndroidTargetPlatform' loaded TargetPlatform 'Android_ATC'
[2020.04.03-00.13.34:910][  0]LogTemp: Display: Module 'AndroidTargetPlatform' loaded TargetPlatform 'Android_DXT'
[2020.04.03-00.13.34:910][  0]LogTemp: Display: Module 'AndroidTargetPlatform' loaded TargetPlatform 'Android_ETC1'
[2020.04.03-00.13.34:910][  0]LogTemp: Display: Module 'AndroidTargetPlatform' loaded TargetPlatform 'Android_ETC1a'
[2020.04.03-00.13.34:910][  0]LogTemp: Display: Module 'AndroidTargetPlatform' loaded TargetPlatform 'Android_ETC2'
[2020.04.03-00.13.34:910][  0]LogTemp: Display: Module 'AndroidTargetPlatform' loaded TargetPlatform 'Android_PVRTC'
[2020.04.03-00.13.34:910][  0]LogTemp: Display: Module 'AndroidTargetPlatform' loaded TargetPlatform 'AndroidClient'
[2020.04.03-00.13.34:910][  0]LogTemp: Display: Module 'AndroidTargetPlatform' loaded TargetPlatform 'Android_ASTCClient'
[2020.04.03-00.13.34:910][  0]LogTemp: Display: Module 'AndroidTargetPlatform' loaded TargetPlatform 'Android_ATCClient'
[2020.04.03-00.13.34:910][  0]LogTemp: Display: Module 'AndroidTargetPlatform' loaded TargetPlatform 'Android_DXTClient'
[2020.04.03-00.13.34:910][  0]LogTemp: Display: Module 'AndroidTargetPlatform' loaded TargetPlatform 'Android_ETC1Client'
[2020.04.03-00.13.34:910][  0]LogTemp: Display: Module 'AndroidTargetPlatform' loaded TargetPlatform 'Android_ETC1aClient'
[2020.04.03-00.13.34:910][  0]LogTemp: Display: Module 'AndroidTargetPlatform' loaded TargetPlatform 'Android_ETC2Client'
[2020.04.03-00.13.34:910][  0]LogTemp: Display: Module 'AndroidTargetPlatform' loaded TargetPlatform 'Android_PVRTCClient'
[2020.04.03-00.13.34:910][  0]LogTemp: Display: Module 'AndroidTargetPlatform' loaded TargetPlatform 'Android_Multi'
[2020.04.03-00.13.34:910][  0]LogTemp: Display: Module 'AndroidTargetPlatform' loaded TargetPlatform 'Android_MultiClient'
[2020.04.03-00.13.34:912][  0]LogTemp: Display: Module 'HTML5TargetPlatform' loaded TargetPlatform 'HTML5'
[2020.04.03-00.13.34:953][  0]LogTemp: Display: Module 'IOSTargetPlatform' loaded TargetPlatform 'IOSClient'
[2020.04.03-00.13.34:953][  0]LogTemp: Display: Module 'IOSTargetPlatform' loaded TargetPlatform 'IOS'
[2020.04.03-00.13.34:969][  0]LogTemp: Display: Module 'TVOSTargetPlatform' loaded TargetPlatform 'TVOSClient'
[2020.04.03-00.13.34:969][  0]LogTemp: Display: Module 'TVOSTargetPlatform' loaded TargetPlatform 'TVOS'
[2020.04.03-00.13.34:978][  0]LogTemp: Display: Module 'LinuxClientTargetPlatform' loaded TargetPlatform 'LinuxClient'
[2020.04.03-00.13.34:987][  0]LogTemp: Display: Module 'LinuxNoEditorTargetPlatform' loaded TargetPlatform 'LinuxNoEditor'
[2020.04.03-00.13.34:995][  0]LogTemp: Display: Module 'LinuxServerTargetPlatform' loaded TargetPlatform 'LinuxServer'
[2020.04.03-00.13.35:003][  0]LogTemp: Display: Module 'LinuxTargetPlatform' loaded TargetPlatform 'Linux'
[2020.04.03-00.13.35:035][  0]LogTemp: Display: Module 'LuminTargetPlatform' loaded TargetPlatform 'Lumin'
[2020.04.03-00.13.35:035][  0]LogTemp: Display: Module 'LuminTargetPlatform' loaded TargetPlatform 'LuminClient'
[2020.04.03-00.13.35:035][  0]LogTargetPlatformManager: Display: Building Assets For Windows
[2020.04.03-00.13.35:042][  0]LogAudioDebug: Display: Lib vorbis DLL was dynamically loaded.
[2020.04.03-00.13.35:083][  0]LogShaderCompilers: Guid format shader working directory is 13 characters bigger than the processId version (D:/ELEBOT/EleBot_Que/wrong_clone_2/Intermediate/Shaders/WorkingDirectory/15408/).
[2020.04.03-00.13.35:084][  0]LogShaderCompilers: Cleaned the shader compiler working directory 'C:/Users/Usuario/AppData/Local/Temp/UnrealShaderWorkingDir/CC79874E4539842EBA6DE89EB7D9EEA5/'.
[2020.04.03-00.13.35:086][  0]LogXGEController: Cleaning working directory: C:/Users/Usuario/AppData/Local/Temp/UnrealXGEWorkingDir/
[2020.04.03-00.13.35:086][  0]LogXGEController: Cannot use XGE Controller as Incredibuild is not installed on this machine.
[2020.04.03-00.13.35:086][  0]LogShaderCompilers: Cannot use XGE Shader Compiler as Incredibuild is not installed on this machine.
[2020.04.03-00.13.35:086][  0]LogShaderCompilers: Display: Using Local Shader Compiler.
[2020.04.03-00.13.35:490][  0]LogDerivedDataCache: Display: Max Cache Size: 512 MB
[2020.04.03-00.13.35:527][  0]LogDerivedDataCache: Loaded boot cache 0.04s 71MB C:/Users/Usuario/AppData/Local/UnrealEngine/4.22/DerivedDataCache/Boot.ddc.
[2020.04.03-00.13.35:527][  0]LogDerivedDataCache: Display: Loaded Boot cache: C:/Users/Usuario/AppData/Local/UnrealEngine/4.22/DerivedDataCache/Boot.ddc
[2020.04.03-00.13.35:527][  0]LogDerivedDataCache: FDerivedDataBackendGraph:  Pak pak cache file D:/ELEBOT/EleBot_Que/wrong_clone_2/DerivedDataCache/DDC.ddp not found, will not use a pak cache.
[2020.04.03-00.13.35:527][  0]LogDerivedDataCache: Unable to find inner node Pak for hierarchical cache Hierarchy.
[2020.04.03-00.13.35:527][  0]LogDerivedDataCache: FDerivedDataBackendGraph:  CompressedPak pak cache file D:/ELEBOT/EleBot_Que/wrong_clone_2/DerivedDataCache/Compressed.ddp not found, will not use a pak cache.
[2020.04.03-00.13.35:527][  0]LogDerivedDataCache: Unable to find inner node CompressedPak for hierarchical cache Hierarchy.
[2020.04.03-00.13.35:536][  0]LogDerivedDataCache: Display: Pak cache opened for reading ../../../Engine/DerivedDataCache/Compressed.ddp.
[2020.04.03-00.13.35:536][  0]LogDerivedDataCache: FDerivedDataBackendGraph:  EnterprisePak pak cache file ../../../Enterprise/DerivedDataCache/Compressed.ddp not found, will not use a pak cache.
[2020.04.03-00.13.35:536][  0]LogDerivedDataCache: Unable to find inner node EnterprisePak for hierarchical cache Hierarchy.
[2020.04.03-00.13.35:549][  0]LogDerivedDataCache: Using Local data cache path C:/Users/Usuario/AppData/Local/UnrealEngine/Common/DerivedDataCache: Writable
[2020.04.03-00.13.35:549][  0]LogDerivedDataCache: Shared data cache path not found in *engine.ini, will not use an Shared cache.
[2020.04.03-00.13.35:549][  0]LogDerivedDataCache: Unable to find inner node Shared for hierarchical cache Hierarchy.
[2020.04.03-00.13.35:563][  0]LogMaterial: Verifying Global Shaders for PCD3D_SM5
[2020.04.03-00.13.35:564][  0]LogSlate: Using FreeType 2.6.0
[2020.04.03-00.13.35:564][  0]LogSlate: SlateFontServices - WITH_FREETYPE: 1, WITH_HARFBUZZ: 1
[2020.04.03-00.13.35:637][  0]LogAssetRegistry: FAssetRegistry took 0.0301 seconds to start up
[2020.04.03-00.13.35:850][  0]LogInit: Selected Device Profile: [Windows]
[2020.04.03-00.13.35:948][  0]LogMeshReduction: Using QuadricMeshReduction for automatic static mesh reduction
[2020.04.03-00.13.35:948][  0]LogMeshReduction: Using SimplygonMeshReduction for automatic skeletal mesh reduction
[2020.04.03-00.13.35:948][  0]LogMeshReduction: Using ProxyLODMeshReduction for automatic mesh merging
[2020.04.03-00.13.35:948][  0]LogMeshReduction: No distributed automatic mesh merging module available
[2020.04.03-00.13.35:948][  0]LogMeshMerging: No distributed automatic mesh merging module available
[2020.04.03-00.13.35:955][  0]LogNetVersion: wrong_clone 1.0.0, NetCL: 5660361, EngineNetVer: 10, GameNetVer: 0 (Checksum: 4030561285)
[2020.04.03-00.13.36:213][  0]LogPackageLocalizationCache: Processed 10 localized package path(s) for 1 prioritized culture(s) in 0.016499 seconds
[2020.04.03-00.13.36:217][  0]LogUObjectArray: 42205 objects as part of root set at end of initial load.
[2020.04.03-00.13.36:217][  0]LogUObjectAllocator: 7325032 out of 0 bytes used by permanent object pool.
[2020.04.03-00.13.36:217][  0]LogUObjectArray: CloseDisregardForGC: 0/0 objects in disregard for GC pool
[2020.04.03-00.13.36:887][  0]LogTcpMessaging: Initializing TcpMessaging bridge
[2020.04.03-00.13.36:900][  0]LogUdpMessaging: Initializing bridge on interface 0.0.0.0:0 to multicast group 230.0.0.1:6666.
[2020.04.03-00.13.36:994][  0]SourceControl: Source control is disabled
[2020.04.03-00.13.36:994][  0]SourceControl: Source control is disabled
[2020.04.03-00.13.36:995][  0]SourceControl: Source control is disabled
[2020.04.03-00.13.36:996][  0]SourceControl: Source control is disabled
[2020.04.03-00.13.37:050][  0]LogAndroidPermission: UAndroidPermissionCallbackProxy::GetInstance
[2020.04.03-00.13.37:193][  0]LogOcInput: OculusInput pre-init called
[2020.04.03-00.13.37:767][  0]LogEngine: Initializing Engine...
[2020.04.03-00.13.37:768][  0]LogHMD: Failed to initialize OpenVR with code 110
[2020.04.03-00.13.37:769][  0]LogStats: UGameplayTagsManager::InitializeManager -  0.000 s
[2020.04.03-00.13.37:915][  0]LogInit: Initializing FReadOnlyCVARCache
[2020.04.03-00.13.37:927][  0]LogAIModule: Creating AISystem for world Untitled
[2020.04.03-00.13.37:968][  0]LogInit: XAudio2 using '2D HD LG TV (2- Sonido Intel(R) para pantallas)' : 2 channels at 48 kHz using 16 bits per sample (channel mask 0x3)
[2020.04.03-00.13.38:029][  0]LogInit: FAudioDevice initialized.
[2020.04.03-00.13.38:030][  0]LogNetVersion: Set ProjectVersion to 1.0.0.0. Version Checksum will be recalculated on next use.
[2020.04.03-00.13.38:101][  0]LogDerivedDataCache: Saved boot cache 0.07s 71MB C:/Users/Usuario/AppData/Local/UnrealEngine/4.22/DerivedDataCache/Boot.ddc.
[2020.04.03-00.13.38:105][  0]LogInit: Texture streaming: Enabled
[2020.04.03-00.13.38:123][  0]LogEngineSessionManager: EngineSessionManager initialized
[2020.04.03-00.13.38:140][  0]LogInit: Transaction tracking system initialized
[2020.04.03-00.13.38:162][  0]BlueprintLog: New page: Editor Load
[2020.04.03-00.13.38:233][  0]LocalizationService: Localization service is disabled
[2020.04.03-00.13.38:316][  0]LogLinker: Warning: Can't find file '/Game/FirstPersonBP/FirstPersonOverview'
[2020.04.03-00.13.38:316][  0]LogLinker: Warning: Can't find file '/Game/FirstPersonBP/FirstPersonOverview'
[2020.04.03-00.13.38:316][  0]LogUObjectGlobals: Warning: Failed to find object 'Class /Game/FirstPersonBP/FirstPersonOverview.FirstPersonOverview_C'
[2020.04.03-00.13.38:452][  0]LogFileCache: Scanning file cache for directory 'D:/ELEBOT/EleBot_Que/wrong_clone_2/Content/' took 0.02s
[2020.04.03-00.13.38:452][  0]LogCook: Display: Max memory allowance for cook 16384mb min free memory 0mb
[2020.04.03-00.13.38:452][  0]LogCook: Display: Mobile HDR setting 1
[2020.04.03-00.13.38:588][  0]SourceControl: Source control is disabled
[2020.04.03-00.13.38:588][  0]Cmd: MAP LOAD FILE="D:/ELEBOT/EleBot_Que/wrong_clone_2/Content/SideScrollerBP/Maps/MainMenu.umap" TEMPLATE=0 SHOWPROGRESS=1 FEATURELEVEL=3
[2020.04.03-00.13.38:588][  0]LogEditorServer: Warning: Can't find file 'D:/ELEBOT/EleBot_Que/wrong_clone_2/Content/SideScrollerBP/Maps/MainMenu.umap'
[2020.04.03-00.13.38:588][  0]Cmd: MAP CHECKDEP NOCLEARLOG
[2020.04.03-00.13.38:588][  0]MapCheck: Map check complete: 0 Error(s), 0 Warning(s), took 0.067ms to complete.
[2020.04.03-00.13.38:588][  0]LogFileHelpers: Loading map 'MainMenu' took 0.000
[2020.04.03-00.13.38:676][  0]LogSlate: Updating window title bar state: overlay mode, drag disabled, window buttons hidden, title bar hidden
[2020.04.03-00.13.38:681][  0]LogSlate: Updating window title bar state: overlay mode, drag disabled, window buttons hidden, title bar hidden
[2020.04.03-00.13.38:686][  0]LogSlate: Updating window title bar state: overlay mode, drag disabled, window buttons hidden, title bar hidden
[2020.04.03-00.13.38:692][  0]LogSlate: Updating window title bar state: overlay mode, drag disabled, window buttons hidden, title bar hidden
[2020.04.03-00.13.38:698][  0]LogCollectionManager: Loaded 0 collections in 0.001948 seconds
[2020.04.03-00.13.38:712][  0]LogFileCache: Scanning file cache for directory 'D:/ELEBOT/EleBot_Que/wrong_clone_2/Saved/Collections/' took 0.01s
[2020.04.03-00.13.38:712][  0]LogFileCache: Scanning file cache for directory 'D:/ELEBOT/EleBot_Que/wrong_clone_2/Content/Developers/Usuario/Collections/' took 0.00s
[2020.04.03-00.13.38:712][  0]LogFileCache: Scanning file cache for directory 'D:/ELEBOT/EleBot_Que/wrong_clone_2/Content/Collections/' took 0.00s
[2020.04.03-00.13.38:712][  0]LogCollectionManager: Rebuilt the GUID cache for 0 collections in 0.000000 seconds
[2020.04.03-00.13.38:718][  0]LogContentBrowser: Native class hierarchy populated in 0.0059 seconds. Added 2732 classes and 659 folders.
[2020.04.03-00.13.38:724][  0]LogContentBrowser: Native class hierarchy updated for 'WidgetCarousel' in 0.0002 seconds. Added 0 classes and 0 folders.
[2020.04.03-00.13.38:725][  0]LogPakFile: Registered encryption key '00000000000000000000000000000000': 0 pak files mounted, 0 remain pending
[2020.04.03-00.13.38:726][  0]LogPakFile: Registered encryption key '00000000000000000000000000000000': 0 pak files mounted, 0 remain pending
[2020.04.03-00.13.38:726][  0]LogPakFile: Registered encryption key '00000000000000000000000000000000': 0 pak files mounted, 0 remain pending
[2020.04.03-00.13.38:726][  0]LogPakFile: Registered encryption key '00000000000000000000000000000000': 0 pak files mounted, 0 remain pending
[2020.04.03-00.13.38:727][  0]LogPakFile: Registered encryption key '00000000000000000000000000000000': 0 pak files mounted, 0 remain pending
[2020.04.03-00.13.38:727][  0]LogPakFile: Registered encryption key '00000000000000000000000000000000': 0 pak files mounted, 0 remain pending
[2020.04.03-00.13.38:727][  0]LogPakFile: Registered encryption key '00000000000000000000000000000000': 0 pak files mounted, 0 remain pending
[2020.04.03-00.13.38:728][  0]LogPakFile: Registered encryption key '00000000000000000000000000000000': 0 pak files mounted, 0 remain pending
[2020.04.03-00.13.38:728][  0]LogPakFile: Registered encryption key '00000000000000000000000000000000': 0 pak files mounted, 0 remain pending
[2020.04.03-00.13.38:729][  0]LogPakFile: Registered encryption key '00000000000000000000000000000000': 0 pak files mounted, 0 remain pending
[2020.04.03-00.13.38:729][  0]LogPakFile: Registered encryption key '00000000000000000000000000000000': 0 pak files mounted, 0 remain pending
[2020.04.03-00.13.38:729][  0]LogPakFile: Registered encryption key '00000000000000000000000000000000': 0 pak files mounted, 0 remain pending
[2020.04.03-00.13.38:730][  0]LogPakFile: Registered encryption key '00000000000000000000000000000000': 0 pak files mounted, 0 remain pending
[2020.04.03-00.13.38:730][  0]LogPakFile: Registered encryption key '00000000000000000000000000000000': 0 pak files mounted, 0 remain pending
[2020.04.03-00.13.38:730][  0]LogPakFile: Registered encryption key '00000000000000000000000000000000': 0 pak files mounted, 0 remain pending
[2020.04.03-00.13.38:731][  0]LogPakFile: Registered encryption key '00000000000000000000000000000000': 0 pak files mounted, 0 remain pending
[2020.04.03-00.13.38:731][  0]LogPakFile: Registered encryption key '00000000000000000000000000000000': 0 pak files mounted, 0 remain pending
[2020.04.03-00.13.38:731][  0]LogPakFile: Registered encryption key '00000000000000000000000000000000': 0 pak files mounted, 0 remain pending
[2020.04.03-00.13.38:732][  0]LogPakFile: Registered encryption key '00000000000000000000000000000000': 0 pak files mounted, 0 remain pending
[2020.04.03-00.13.38:732][  0]LogPakFile: Registered encryption key '00000000000000000000000000000000': 0 pak files mounted, 0 remain pending
[2020.04.03-00.13.38:732][  0]LogPakFile: Registered encryption key '00000000000000000000000000000000': 0 pak files mounted, 0 remain pending
[2020.04.03-00.13.38:733][  0]LogPakFile: Registered encryption key '00000000000000000000000000000000': 0 pak files mounted, 0 remain pending
[2020.04.03-00.13.38:733][  0]LogPakFile: Registered encryption key '00000000000000000000000000000000': 0 pak files mounted, 0 remain pending
[2020.04.03-00.13.38:734][  0]LogPakFile: Registered encryption key '00000000000000000000000000000000': 0 pak files mounted, 0 remain pending
[2020.04.03-00.13.38:734][  0]LogPakFile: Registered encryption key '00000000000000000000000000000000': 0 pak files mounted, 0 remain pending
[2020.04.03-00.13.38:734][  0]LogPakFile: Registered encryption key '00000000000000000000000000000000': 0 pak files mounted, 0 remain pending
[2020.04.03-00.13.38:773][  0]LogContentBrowser: Native class hierarchy updated for 'AddContentDialog' in 0.0002 seconds. Added 0 classes and 0 folders.
[2020.04.03-00.13.38:777][  0]LogContentBrowser: Native class hierarchy updated for 'SceneOutliner' in 0.0002 seconds. Added 1 classes and 2 folders.
[2020.04.03-00.13.38:815][  0]LogSlate: Took 0.000311 seconds to synchronously load lazily loaded font '../../../Engine/Content/Slate/Fonts/Roboto-Regular.ttf' (155K)
[2020.04.03-00.13.38:817][  0]LogSlate: Took 0.000228 seconds to synchronously load lazily loaded font '../../../Engine/Content/Slate/Fonts/Roboto-Bold.ttf' (160K)
[2020.04.03-00.13.38:822][  0]LogSlate: Took 0.000197 seconds to synchronously load lazily loaded font '../../../Engine/Content/Editor/Slate/Fonts/FontAwesome.ttf' (139K)
[2020.04.03-00.13.38:870][  0]LogRenderer: Reallocating scene render targets to support 1056x652 Format 10 NumSamples 1 (Frame:1).
[2020.04.03-00.13.38:957][  0]LogContentBrowser: Native class hierarchy updated for 'HierarchicalLODOutliner' in 0.0002 seconds. Added 0 classes and 0 folders.
[2020.04.03-00.13.38:957][  0]LogLoad: (Engine Initialization) Total time: 6.75 seconds
[2020.04.03-00.13.38:957][  0]LogLoad: (Engine Initialization) Total Blueprint compile time: 0.00 seconds
[2020.04.03-00.13.38:998][  0]LogAssetRegistry: Asset discovery search completed in 3.3838 seconds
[2020.04.03-00.13.39:000][  0]LogCollectionManager: Rebuilt the object cache for 0 collections in 0.000000 seconds (found 0 objects)
[2020.04.03-00.13.39:000][  0]LogCollectionManager: Fixed up redirectors for 0 collections in 0.000037 seconds (updated 0 objects)
[2020.04.03-00.13.39:001][  0]LogContentStreaming: Texture pool size now 1000 MB
[2020.04.03-00.13.39:016][  0]LogSlate: Took 0.000139 seconds to synchronously load lazily loaded font '../../../Engine/Content/Slate/Fonts/Roboto-Light.ttf' (167K)
[2020.04.03-00.13.39:034][  1]LogFileCache: Retrieving MD5 hashes for directory 'D:/ELEBOT/EleBot_Que/wrong_clone_2/Content/' took 0.05s
[2020.04.03-00.13.51:564][974]LogSlate: Took 0.000152 seconds to synchronously load lazily loaded font '../../../Engine/Content/Slate/Fonts/Roboto-Light.ttf' (167K)
[2020.04.03-00.13.51:577][974]LogFactory: FactoryCreateFile: Texture with ReimportTextureFactory (0 0 D:\ELEBOT\Fondos\FondoCieloAzul.png)
[2020.04.03-00.13.51:600][974]LogTexture: Display: Building textures: FondoCieloAzul (AutoDXT, 1920X1080)
[2020.04.03-00.13.52:508][974]LogSlate: FSceneViewport::OnFocusLost() reason 2
[2020.04.03-00.13.54:257][103]LogSlate: FSceneViewport::OnFocusLost() reason 0
[2020.04.03-00.14.02:219][ 49]LogMaterial: Display: Missing cached shader map for material FondoCieloAzul_Mat, compiling. 
[2020.04.03-00.14.03:251][162]LogUObjectHash: Compacting FUObjectHashTables data took   1.31ms
[2020.04.03-00.14.04:696][162]LogSlate: Window 'Delete Assets' being destroyed
[2020.04.03-00.14.04:762][162]LogUObjectHash: Compacting FUObjectHashTables data took   1.04ms
[2020.04.03-00.14.07:667][507]LogMaterial: Display: Missing cached shader map for material M_Cielo_2, compiling. 
[2020.04.03-00.14.07:668][507]LogMaterial: Warning: D:\ELEBOT\EleBot_Que\wrong_clone_2\Content\SideScrollerBP\Meshes\Level_1_Earth\Fondos\M_Cielo_2.uasset: Failed to compile Material for platform PCD3D_SM5, Default Material will be used in game.
[2020.04.03-00.14.07:668][507]LogMaterial: 	(Node TextureSample) Texture Sample> Missing input texture
[2020.04.03-00.14.07:688][507]LogUObjectHash: Compacting FUObjectHashTables data took   0.43ms
[2020.04.03-00.14.09:258][507]LogSlate: Window 'Delete Assets' being destroyed
[2020.04.03-00.14.09:264][507]LogUObjectGlobals: Force Deleting 1 Package(s):
	Asset Name: /Game/SideScrollerBP/Meshes/Level_1_Earth/Fondos/M_Cielo_2.M_Cielo_2
[2020.04.03-00.14.09:540][507]LogUObjectHash: Compacting FUObjectHashTables data took   0.43ms
[2020.04.03-00.14.09:562][507]LogUObjectHash: Compacting FUObjectHashTables data took   0.43ms
[2020.04.03-00.14.09:583][507]LogUObjectHash: Compacting FUObjectHashTables data took   0.44ms
[2020.04.03-00.14.22:579][ 58]LogMaterial: Display: Missing cached shader map for material FondoCieloAzul_Mat, compiling. 
[2020.04.03-00.14.24:730][311]LogAssetEditorManager: Opening Asset editor for Material /Game/SideScrollerBP/Meshes/Level_1_Earth/Fondos/FondoCieloAzul_Mat.FondoCieloAzul_Mat
[2020.04.03-00.14.24:732][311]LogMaterial: Display: Missing cached shader map for material FondoCieloAzul_Mat, compiling. 
[2020.04.03-00.14.24:914][311]LogMaterial: Display: Missing cached shader map for material FondoCieloAzul_Mat, compiling. 
[2020.04.03-00.14.24:937][311]LogShaderCompilers: Display: Shaders left to compile 20
[2020.04.03-00.14.24:950][311]LogMaterial: Display: Missing cached shader map for material FMatExpressionPreview MaterialExpressionTextureSample_0, compiling. 
[2020.04.03-00.14.24:967][311]LogSlate: Took 0.000188 seconds to synchronously load lazily loaded font '../../../Engine/Content/Slate/Fonts/Roboto-BoldCondensed.ttf' (158K)
[2020.04.03-00.14.25:623][359]LogShaderCompilers: Display: Shaders left to compile 10
[2020.04.03-00.14.26:359][425]MaterialEditorStats: Base pass shader: 110 instructions
[2020.04.03-00.14.26:359][425]MaterialEditorStats: Base pass shader with Volumetric Lightmap: 184 instructions
[2020.04.03-00.14.26:359][425]MaterialEditorStats: Base pass vertex shader: 45 instructions
[2020.04.03-00.14.26:359][425]MaterialEditorStats: Texture samplers: 4/16
[2020.04.03-00.14.26:359][425]MaterialEditorStats: Texture Lookups (Est.): VS(0), PS(1)
[2020.04.03-00.14.26:359][425]MaterialEditorStats: User interpolators: 2/4 Scalars (1/4 Vectors) (TexCoords: 2, Custom: 0)
[2020.04.03-00.14.37:821][772]LogMaterial: Display: Missing cached shader map for material FondoCieloAzul_Mat, compiling. 
[2020.04.03-00.14.37:843][773]LogShaderCompilers: Display: Shaders left to compile 20
[2020.04.03-00.14.38:204][806]LogShaderCompilers: Display: Shaders left to compile 10
[2020.04.03-00.14.39:371][926]LogMaterial: Display: Missing cached shader map for material FondoCieloAzul_Mat, compiling. 
[2020.04.03-00.14.39:387][927]LogShaderCompilers: Display: Shaders left to compile 20
[2020.04.03-00.14.39:750][960]LogShaderCompilers: Display: Shaders left to compile 10
[2020.04.03-00.14.40:798][ 61]MaterialEditorStats: Base pass shader: 109 instructions
[2020.04.03-00.14.40:798][ 61]MaterialEditorStats: Base pass shader with Volumetric Lightmap: 183 instructions
[2020.04.03-00.14.40:798][ 61]MaterialEditorStats: Base pass vertex shader: 45 instructions
[2020.04.03-00.14.40:798][ 61]MaterialEditorStats: Texture samplers: 4/16
[2020.04.03-00.14.40:798][ 61]MaterialEditorStats: Texture Lookups (Est.): VS(0), PS(1)
[2020.04.03-00.14.40:798][ 61]MaterialEditorStats: User interpolators: 2/4 Scalars (1/4 Vectors) (TexCoords: 2, Custom: 0)
[2020.04.03-00.14.44:529][496]LogMaterialEditor: Saving and Compiling material FondoCieloAzul_Mat
[2020.04.03-00.14.44:815][496]LogMaterial: Display: Missing cached shader map for material FondoCieloAzul_Mat, compiling. 
[2020.04.03-00.14.44:853][496]LogShaderCompilers: Display: Shaders left to compile 20
[2020.04.03-00.14.44:863][496]LogMaterial: Display: Missing cached shader map for material FondoCieloAzul_Mat, compiling. 
[2020.04.03-00.14.44:876][496]LogMaterial: Display: Missing cached shader map for material FondoCieloAzul_Mat, compiling. 
[2020.04.03-00.14.44:905][496]LogUObjectHash: Compacting FUObjectHashTables data took   0.79ms
[2020.04.03-00.14.44:911][496]LogMaterial: Display: Missing cached shader map for material DebugViewMode MaterialTexCoordScale, compiling. 
[2020.04.03-00.14.45:815][496]LogShaderCompilers: Display: Shaders left to compile 40
[2020.04.03-00.14.45:815][496]LogShaderCompilers: Display: Shaders left to compile 30
[2020.04.03-00.14.45:818][496]TextureStreamingBuild: Display: Compiling optional shaders took 0.913 seconds.
[2020.04.03-00.14.45:835][496]LogUObjectHash: Compacting FUObjectHashTables data took   0.48ms
[2020.04.03-00.14.47:486][496]LogSavePackage: Moving 'D:/ELEBOT/EleBot_Que/wrong_clone_2/Saved/FondoCieloAzul_Mat2F0D4BE54FFF4A7715ED7F8E8B019425.tmp' to 'D:/ELEBOT/EleBot_Que/wrong_clone_2/Content/SideScrollerBP/Meshes/Level_1_Earth/Fondos/FondoCieloAzul_Mat.uasset'
[2020.04.03-00.14.56:709][570]LogLinker: Warning: Can't find file '/Game/SideScrollerBP/Meshes/Level_1_Earth/Fondos/M_Cielo_2'
[2020.04.03-00.14.56:709][570]LogLinker: Warning: Can't find file for asset '/Game/SideScrollerBP/Meshes/Level_1_Earth/Fondos/M_Cielo_2' while loading NULL.
[2020.04.03-00.14.56:735][570]LogLinker: Warning: Can't find file '/Game/SideScrollerBP/Meshes/Level_1_Earth/Fondos/M_Cielo_2'
[2020.04.03-00.14.56:736][570]LogLinker: Warning: Can't find file for asset '/Game/SideScrollerBP/Meshes/Level_1_Earth/Fondos/M_Cielo_2' while loading NULL.
[2020.04.03-00.14.56:753][570]LogLinker: Warning: Can't find file '/Game/SideScrollerBP/Meshes/Level_1_Earth/Fondos/M_Cielo_2'
[2020.04.03-00.14.56:753][570]LogLinker: Warning: Can't find file for asset '/Game/SideScrollerBP/Meshes/Level_1_Earth/Fondos/M_Cielo_2' while loading NULL.
[2020.04.03-00.14.56:753][570]LogLinker: Warning: Can't find file '/Game/SideScrollerBP/Meshes/Level_1_Earth/Fondos/M_Cielo_2'
[2020.04.03-00.14.56:753][570]LogLinker: Warning: Can't find file for asset '/Game/SideScrollerBP/Meshes/Level_1_Earth/Fondos/M_Cielo_2' while loading NULL.
[2020.04.03-00.14.56:813][570]LogLinker: Warning: Can't find file '/Game/SideScrollerBP/Meshes/Level_1_Earth/Fondos/M_Cielo_2'
[2020.04.03-00.14.56:813][570]LoadErrors: Failed to load /Game/SideScrollerBP/Meshes/Level_1_Earth/Fondos/M_Cielo_2.M_Cielo_2 Referenced by Plane_6
[2020.04.03-00.14.56:813][570]LogLinker: Warning: Can't find file for asset '/Game/SideScrollerBP/Meshes/Level_1_Earth/Fondos/M_Cielo_2' while loading NULL.
[2020.04.03-00.14.57:087][570]LogAIModule: Creating AISystem for world Level_earth
[2020.04.03-00.14.57:242][570]LogAssetEditorManager: Opening Asset editor for World /Game/SideScrollerBP/Maps/Level_earth.Level_earth
[2020.04.03-00.14.57:268][570]LogUObjectHash: Compacting FUObjectHashTables data took   1.64ms
[2020.04.03-00.15.10:239][570]LogSlate: Window 'Save Content' being destroyed
[2020.04.03-00.15.10:308][570]LogSavePackage: Moving 'D:/ELEBOT/EleBot_Que/wrong_clone_2/Saved/FondoCieloAzul388D695A41641D6FA1C39CAA34EE5C3F.tmp' to 'D:/ELEBOT/EleBot_Que/wrong_clone_2/Content/SideScrollerBP/Meshes/Level_1_Earth/Fondos/FondoCieloAzul.uasset'
[2020.04.03-00.15.10:309][570]Cmd: MAP LOAD FILE="D:/ELEBOT/EleBot_Que/wrong_clone_2/Content/SideScrollerBP/Maps/Level_earth.umap" TEMPLATE=0 SHOWPROGRESS=1 FEATURELEVEL=3
[2020.04.03-00.15.10:309][570]LightingResults: New page: Lighting Build
[2020.04.03-00.15.10:312][570]LogContentBrowser: Native class hierarchy updated for 'StatsViewer' in 0.0003 seconds. Added 5 classes and 0 folders.
[2020.04.03-00.15.10:312][570]LoadErrors: New page: Loading map: Level_earth.umap
[2020.04.03-00.15.10:313][570]MapCheck: New page: Map Check
[2020.04.03-00.15.10:313][570]LightingResults: New page: Lighting Build
[2020.04.03-00.15.10:334][570]LogUObjectHash: Compacting FUObjectHashTables data took   1.17ms
[2020.04.03-00.15.10:444][570]LogEditorServer: Finished looking for orphan Actors (0.000 secs)
[2020.04.03-00.15.10:470][570]LogUObjectHash: Compacting FUObjectHashTables data took   1.11ms
[2020.04.03-00.15.10:477][570]Cmd: MAP CHECKDEP NOCLEARLOG
[2020.04.03-00.15.10:477][570]MapCheck: Map check complete: 0 Error(s), 0 Warning(s), took 0.122ms to complete.
[2020.04.03-00.15.10:477][570]LogFileHelpers: Loading map 'Level_earth' took 0.169
[2020.04.03-00.15.12:189][752]LogEditorViewport: Clicking on Actor (LMB): StaticMeshActor (Plane)
[2020.04.03-00.15.28:945][758]LogEditorViewport: Clicking on Actor (LMB): StaticMeshActor (Plane)
[2020.04.03-00.15.33:311][272]LogSlate: FSceneViewport::OnFocusLost() reason 0
[2020.04.03-00.15.45:000][651]LogSlate: FSceneViewport::OnFocusLost() reason 0
[2020.04.03-00.15.45:112][662]LogUObjectHash: Compacting FUObjectHashTables data took   0.49ms
[2020.04.03-00.15.46:548][662]LogSlate: Window 'Save Content' being destroyed
[2020.04.03-00.15.46:571][662]Cmd: OBJ SAVEPACKAGE PACKAGE="/Game/SideScrollerBP/Maps/Level_earth" FILE="D:/ELEBOT/EleBot_Que/wrong_clone_2/Content/SideScrollerBP/Maps/Level_earth.umap" SILENT=true AUTOSAVING=false KEEPDIRTY=false
[2020.04.03-00.15.46:592][662]LogUObjectHash: Compacting FUObjectHashTables data took   0.47ms
[2020.04.03-00.15.47:075][662]LogSavePackage: Moving 'D:/ELEBOT/EleBot_Que/wrong_clone_2/Saved/Level_earth13AAEC8240F2E17769FB9FA4EE7B2314.tmp' to 'D:/ELEBOT/EleBot_Que/wrong_clone_2/Content/SideScrollerBP/Maps/Level_earth.umap'
[2020.04.03-00.15.47:083][662]LogFileHelpers: Saving map 'Level_earth' took 0.513
[2020.04.03-00.15.52:659][315]LogEditorViewport: Clicking on Actor (LMB): StaticMeshActor (Plane)
[2020.04.03-00.15.57:500][884]LogSlate: FSceneViewport::OnFocusLost() reason 0
[2020.04.03-00.15.57:607][897]LogTemp: Repeating last play command: Selected Viewport
[2020.04.03-00.15.57:614][897]LogBlueprintUserMessages: Early PlayInEditor Detection: Level '/Game/SideScrollerBP/Maps/Level_earth.Level_earth:PersistentLevel' has LevelScriptBlueprint '/Game/SideScrollerBP/Maps/Level_earth.Level_earth:PersistentLevel.Level_earth' with GeneratedClass '/Game/SideScrollerBP/Maps/Level_earth.Level_earth_C' with ClassGeneratedBy '/Game/SideScrollerBP/Maps/Level_earth.Level_earth:PersistentLevel.Level_earth'
[2020.04.03-00.15.57:614][897]LogPlayLevel: PlayLevel: No blueprints needed recompiling
[2020.04.03-00.15.57:615][897]PIE: New page: PIE session: Level_earth (Apr 3, 2020, 4:15:57 AM)
[2020.04.03-00.15.57:627][897]LogPlayLevel: Creating play world package: /Game/SideScrollerBP/Maps/UEDPIE_0_Level_earth
[2020.04.03-00.15.57:655][897]LogPlayLevel: PIE: StaticDuplicateObject took: (0.027693s)
[2020.04.03-00.15.57:655][897]LogAIModule: Creating AISystem for world Level_earth
[2020.04.03-00.15.57:655][897]LogPlayLevel: PIE: World Init took: (0.000414s)
[2020.04.03-00.15.57:655][897]LogPlayLevel: PIE: Created PIE world by copying editor world from /Game/SideScrollerBP/Maps/Level_earth.Level_earth to /Game/SideScrollerBP/Maps/UEDPIE_0_Level_earth.Level_earth (0.028315s)
[2020.04.03-00.15.57:677][897]LogUObjectHash: Compacting FUObjectHashTables data took   1.39ms
[2020.04.03-00.15.57:701][897]LogInit: XAudio2 using '2D HD LG TV (2- Sonido Intel(R) para pantallas)' : 2 channels at 48 kHz using 16 bits per sample (channel mask 0x3)
[2020.04.03-00.15.57:707][897]LogInit: FAudioDevice initialized.
[2020.04.03-00.15.57:745][897]LogLoad: Game class is 'SideScrollerGameMode_C'
[2020.04.03-00.15.57:756][897]LogWorld: Bringing World /Game/SideScrollerBP/Maps/UEDPIE_0_Level_earth.Level_earth up for play (max tick rate 0) at 2020.04.03-02.15.57
[2020.04.03-00.15.57:759][897]LogLinker: Warning: Can't find file '/Game/FadeIn'
[2020.04.03-00.15.57:759][897]LogLinker: Warning: Can't find file '/Game/FadeIn'
[2020.04.03-00.15.57:759][897]LogUObjectGlobals: Warning: Failed to find object 'Object /Game/FadeIn.FadeIn'
[2020.04.03-00.15.57:759][897]LogWorld: Bringing up level for play took: 0.013210
[2020.04.03-00.15.57:776][897]LogContentBrowser: Native class hierarchy updated for 'MovieSceneCapture' in 0.0002 seconds. Added 20 classes and 0 folders.
[2020.04.03-00.15.57:776][897]PIE: Play in editor start time for /Game/SideScrollerBP/Maps/UEDPIE_0_Level_earth -0.697
[2020.04.03-00.15.57:777][897]LogBlueprintUserMessages: Late PlayInEditor Detection: Level '/Game/SideScrollerBP/Maps/Level_earth.Level_earth:PersistentLevel' has LevelScriptBlueprint '/Game/SideScrollerBP/Maps/Level_earth.Level_earth:PersistentLevel.Level_earth' with GeneratedClass '/Game/SideScrollerBP/Maps/Level_earth.Level_earth_C' with ClassGeneratedBy '/Game/SideScrollerBP/Maps/Level_earth.Level_earth:PersistentLevel.Level_earth'
[2020.04.03-00.16.00:925][271]LogBlueprintUserMessages: Early EndPlayMap Detection: Level '/Game/SideScrollerBP/Maps/Level_earth.Level_earth:PersistentLevel' has LevelScriptBlueprint '/Game/SideScrollerBP/Maps/Level_earth.Level_earth:PersistentLevel.Level_earth' with GeneratedClass '/Game/SideScrollerBP/Maps/Level_earth.Level_earth_C' with ClassGeneratedBy '/Game/SideScrollerBP/Maps/Level_earth.Level_earth:PersistentLevel.Level_earth'
[2020.04.03-00.16.00:925][271]LogSlate: Updating window title bar state: overlay mode, drag disabled, window buttons hidden, title bar hidden
[2020.04.03-00.16.00:956][271]LogPlayLevel: Display: Shutting down PIE online subsystems
[2020.04.03-00.16.00:956][271]LogBlueprintUserMessages: Late EndPlayMap Detection: Level '/Game/SideScrollerBP/Maps/Level_earth.Level_earth:PersistentLevel' has LevelScriptBlueprint '/Game/SideScrollerBP/Maps/Level_earth.Level_earth:PersistentLevel.Level_earth' with GeneratedClass '/Game/SideScrollerBP/Maps/Level_earth.Level_earth_C' with ClassGeneratedBy '/Game/SideScrollerBP/Maps/Level_earth.Level_earth:PersistentLevel.Level_earth'
[2020.04.03-00.16.00:981][271]LogSlate: Updating window title bar state: overlay mode, drag disabled, window buttons hidden, title bar hidden
[2020.04.03-00.16.00:983][271]LogUObjectHash: Compacting FUObjectHashTables data took   1.12ms
[2020.04.03-00.16.01:026][275]LogPlayLevel: Display: Destroying online subsystem :Context_4
[2020.04.03-00.16.38:985][817]LogHttp: Warning: 000002CDFB84EC00: request failed, libcurl error: 6 (Couldn't resolve host name)
[2020.04.03-00.16.38:985][817]LogHttp: Warning: 000002CDFB84EC00: libcurl info message cache 0 (Connection 0 seems to be dead!)
[2020.04.03-00.16.38:985][817]LogHttp: Warning: 000002CDFB84EC00: libcurl info message cache 1 (Closing connection 0)
[2020.04.03-00.16.38:985][817]LogHttp: Warning: 000002CDFB84EC00: libcurl info message cache 2 (Could not resolve host: datarouter.ol.epicgames.com)
[2020.04.03-00.16.38:985][817]LogHttp: Warning: 000002CDFB84EC00: libcurl info message cache 3 (Closing connection 1)
[2020.04.03-00.16.38:994][818]LogHttp: Warning: Retry exhausted on https://datarouter.ol.epicgames.com/datarouter/api/v1/public/data?SessionID=%7B5B24B775-44A7-A96B-0F85-EDB05A58EF20%7D&AppID=UEEditor.Rocket.Release&AppVersion=4.22.3-7053642%2B%2B%2BUE4%2BRelease-4.22&UserID=7d518b724f27995a16f251a62db1bd1f%7C542fb871ed234213900cbd189e478bfc%7Cc1e1b5e3-3b04-43fd-992b-921433d2573f&AppEnvironment=datacollector-binary&UploadType=eteventstream
[2020.04.03-00.18.39:024][191]LogHttp: Warning: 000002CDFB84CF40: request failed, libcurl error: 6 (Couldn't resolve host name)
[2020.04.03-00.18.39:024][191]LogHttp: Warning: 000002CDFB84CF40: libcurl info message cache 0 (Could not resolve host: datarouter.ol.epicgames.com)
[2020.04.03-00.18.39:025][191]LogHttp: Warning: 000002CDFB84CF40: libcurl info message cache 1 (Closing connection 2)
[2020.04.03-00.18.39:032][192]LogHttp: Warning: Retry exhausted on https://datarouter.ol.epicgames.com/datarouter/api/v1/public/data?SessionID=%7B5B24B775-44A7-A96B-0F85-EDB05A58EF20%7D&AppID=UEEditor.Rocket.Release&AppVersion=4.22.3-7053642%2B%2B%2BUE4%2BRelease-4.22&UserID=7d518b724f27995a16f251a62db1bd1f%7C542fb871ed234213900cbd189e478bfc%7Cc1e1b5e3-3b04-43fd-992b-921433d2573f&AppEnvironment=datacollector-binary&UploadType=eteventstream
[2020.04.03-00.19.16:910][790]LogSlate: FSceneViewport::OnFocusLost() reason 0
[2020.04.03-00.19.19:451][ 69]LogUObjectHash: Compacting FUObjectHashTables data took   0.52ms
[2020.04.03-00.19.21:075][ 69]LogSlate: Window 'Save Content' being destroyed
[2020.04.03-00.19.21:099][ 69]Cmd: OBJ SAVEPACKAGE PACKAGE="/Game/SideScrollerBP/Maps/Level_earth" FILE="D:/ELEBOT/EleBot_Que/wrong_clone_2/Content/SideScrollerBP/Maps/Level_earth.umap" SILENT=true AUTOSAVING=false KEEPDIRTY=false
[2020.04.03-00.19.21:121][ 69]LogUObjectHash: Compacting FUObjectHashTables data took   0.49ms
[2020.04.03-00.19.21:587][ 69]LogSavePackage: Moving 'D:/ELEBOT/EleBot_Que/wrong_clone_2/Saved/Level_earthD0545C35468AE429A0709BA7707FE65A.tmp' to 'D:/ELEBOT/EleBot_Que/wrong_clone_2/Content/SideScrollerBP/Maps/Level_earth.umap'
[2020.04.03-00.19.21:594][ 69]LogFileHelpers: Saving map 'Level_earth' took 0.495
